2025/12/28 19:38:21 DX Cluster Server vdev starting...
Server: Go Cluster beta
 (N2WQ-2)
Telnet: port 9300 (transport=native echo_mode=server broadcast workers=auto queue=8192 worker_queue=1024 client_buffer=1024 skip_handshake=false)
UI: mode=tview refresh=300ms color=true clear_screen=true panes(stats=10 calls=9 unlicensed=9 harm=9 system=9)
RBN CW/RTTY: telnet.reversebeacon.net:7000 (as N2WQ-2, transport=ziutek slot_buffer=1000 keepalive=180s)
RBN Digital (FT4/FT8): telnet.reversebeacon.net:7001 (as N2WQ-2, transport=ziutek slot_buffer=1000 keepalive=180s)
Archive: data/archive/spots.db (queue=10000 batch=500/1000ms cleanup=3600s cleanup_batch=2000 yield=50ms retain_ft=43200s retain_other=86400s sync=off auto_delete_corrupt=true)
PSKReporter: mqtt.pskreporter.info:1883 (topic:  buffer=25000 workers=auto)
Dedup: cluster=120s (prefer_stronger=true) secondary=60s (prefer_stronger=true)
Default modes: CW, LSB, USB, RTTY, MSK144, PSK31, SSTV
Default sources: HUMAN
Peering: listen_port=7300 peers=1 hop=99 transport=native keepalive=600s config=1800s topology= retention=24h
Stats interval: 60s
Call correction: enabled (min_reports=2 advantage>1 confidence>=55% recency=360s max_edit=3 tol=1000.0Hz distance_cw=morse distance_rtty=baudot invalid_action=broadcast d3_extra:+0/+0/+5%)
Call correction voice: tol=2000Hz search=2.0kHz min_snr=0
Call correction cache: size=512 ttl=120s
Harmonics: enabled (recency=120s max_multiple=3 tolerance=500.0Hz min_report_delta=6dB)
Spot policy: max_age=300s
CTY database: data/cty/cty.plist
CTY refresh: 00:10 UTC (source=https://www.country-files.com/cty/cty.plist)
Known calls refresh: 00:20 UTC (source=https://www.supercheckpartial.com/MASTER.SCP)
Grid/known DB: data/grids/calls.db (flush=60s cache=10240 cache_ttl=3600s db_check_on_miss=true ttl=90d)
Skew: refresh 00:30 UTC (min_spots=500 source=https://sm7iun.se/rbnskew.csv)
Ring buffer capacity: 250000 spots
2025/12/28 19:38:22 Loaded CTY database from data/cty/cty.plist
2025/12/28 19:38:22 Warning: failed to load quality priors from data/quality/quality_priors.dat: open data/quality/quality_priors.dat: The system cannot find the file specified.
2025/12/28 19:38:22 Warning: failed to load spotter reliability from data/quality/spotter_reliability.dat: open data/quality/spotter_reliability.dat: The system cannot find the file specified.
2025/12/28 19:38:22 Ring buffer created (capacity: 250000)
2025/12/28 19:38:22 Loaded 50314 known callsigns from data/scp/MASTER.SCP
2025/12/28 19:38:30 Gridstore: db_check_on_miss=true (source=data\config)
2025/12/28 19:38:30 Loaded 125 RBN skew corrections from data/skm_correction/rbnskew.json
2025/12/28 19:38:30 Deduplicator: Starting unified processing loop for ALL sources
2025/12/28 19:38:30 Deduplication active with 2m0s window
2025/12/28 19:38:30 Secondary deduplication active with 1m0s window (broadcast-only)
2025/12/28 19:38:30 Mode inference: dx_cache=50000 ttl=300s digital_window=300s min_corrob=10 seeds=46 seed_ttl=21600s
2025/12/28 19:38:30 Peering: listen_port=7300 peers=1 hop=99 keepalive=600s
2025/12/28 19:38:30 Peering: dialing dxs.n2wq.com:7300 as N2WQ-77
2025/12/28 19:38:30 Peering: connected to dxs.n2wq.com:7300
2025/12/28 19:38:30 Peering hs N2WQ-77 -> dxs.n2wq.com RX login: PC18^DXSpider Version: 1.57 Build: 633 Git: mojo/c3350180[r] pc9x 91^5457^
2025/12/28 19:38:30 Peering hs N2WQ-77 -> dxs.n2wq.com TX init (pc9x=true)
2025/12/28 19:38:30 Peering hs N2WQ-77 -> dxs.n2wq.com RX PC92^N2WQ-73^2309^A^^5N2WQ-77:24.228.199.45^H99^
2025/12/28 19:38:30 Peering hs N2WQ-77 -> dxs.n2wq.com RX PC92^N2WQ-73^2309.01^K^5N2WQ-73:5457:633^30^3^3.18.69.242^mojo/c3350180[r]^H99^
2025/12/28 19:38:30 Peering hs N2WQ-77 -> dxs.n2wq.com RX PC22^
2025/12/28 19:38:50 Archive: writing to data/archive/spots.db (batch=500/1000ms queue=10000 cleanup=3600s ft_retention=43200s other_retention=86400s)
2025/12/28 19:38:50 Telnet server listening on port 9300
2025/12/28 19:38:50 Broadcast worker 7 started
2025/12/28 19:38:50 Broadcast worker 2 started
2025/12/28 19:38:50 Broadcast worker 1 started
2025/12/28 19:38:50 Broadcast worker 4 started
2025/12/28 19:38:50 Broadcast worker 0 started
2025/12/28 19:38:50 Broadcast worker 3 started
2025/12/28 19:38:50 Broadcast worker 18 started
2025/12/28 19:38:50 Broadcast worker 10 started
2025/12/28 19:38:50 Broadcast worker 15 started
2025/12/28 19:38:50 Broadcast worker 8 started
2025/12/28 19:38:50 Broadcast worker 16 started
2025/12/28 19:38:50 Broadcast worker 17 started
2025/12/28 19:38:50 Broadcast worker 9 started
2025/12/28 19:38:50 Broadcast worker 12 started
2025/12/28 19:38:50 RBN-CW-RTTY: connecting to telnet.reversebeacon.net:7000...
2025/12/28 19:38:50 Broadcast worker 5 started
2025/12/28 19:38:50 Broadcast worker 11 started
2025/12/28 19:38:50 Broadcast worker 19 started
2025/12/28 19:38:50 Broadcast worker 13 started
2025/12/28 19:38:50 Broadcast worker 14 started
2025/12/28 19:38:50 Broadcast worker 6 started
2025/12/28 19:38:50 RBN-CW-RTTY: connection established
2025/12/28 19:38:50 RBN CW/RTTY client feeding spots into unified dedup engine
2025/12/28 19:38:50 RBN-FT4-FT8: connecting to telnet.reversebeacon.net:7001...
2025/12/28 19:38:50 RBN-FT4-FT8: connection established
2025/12/28 19:38:50 RBN Digital (FT4/FT8) client feeding spots into unified dedup engine
2025/12/28 19:38:50 PSKReporter worker 6 started
2025/12/28 19:38:50 PSKReporter worker 2 started
2025/12/28 19:38:50 PSKReporter worker 0 started
2025/12/28 19:38:50 PSKReporter worker 1 started
2025/12/28 19:38:50 PSKReporter worker 15 started
2025/12/28 19:38:50 PSKReporter worker 13 started
2025/12/28 19:38:50 PSKReporter worker 12 started
2025/12/28 19:38:50 PSKReporter worker 7 started
2025/12/28 19:38:50 PSKReporter worker 14 started
2025/12/28 19:38:50 PSKReporter worker 8 started
2025/12/28 19:38:50 PSKReporter worker 9 started
2025/12/28 19:38:50 Connecting to PSKReporter MQTT broker at tcp://mqtt.pskreporter.info:1883 (topics=pskr/filter/v2/+/FT8/#,pskr/filter/v2/+/FT4/#,pskr/filter/v2/+/CW/#,pskr/filter/v2/+/RTTY/#,pskr/filter/v2/+/MSK144/#,pskr/filter/v2/+/PSK31/#)...
2025/12/28 19:38:50 PSKReporter worker 19 started
2025/12/28 19:38:50 PSKReporter worker 11 started
2025/12/28 19:38:50 PSKReporter worker 16 started
2025/12/28 19:38:50 PSKReporter worker 17 started
2025/12/28 19:38:50 PSKReporter worker 10 started
2025/12/28 19:38:50 PSKReporter worker 4 started
2025/12/28 19:38:50 PSKReporter worker 5 started
2025/12/28 19:38:50 PSKReporter worker 18 started
2025/12/28 19:38:50 PSKReporter worker 3 started
2025/12/28 19:38:51 PSKReporter: Connected, subscribing to 6 topic(s)
2025/12/28 19:38:51 Connected to PSKReporter MQTT broker
2025/12/28 19:38:51 PSKReporter client feeding spots into unified dedup engine
2025/12/28 19:38:51 Cluster is running. Press Ctrl+C to stop.
2025/12/28 19:38:51 Connect via: telnet localhost 9300
2025/12/28 19:38:51 Receiving CW/RTTY spots from RBN (port 7000)...
2025/12/28 19:38:51 Receiving FT4/FT8 spots from RBN Digital (port 7001)...
2025/12/28 19:38:51 Receiving digital mode spots from PSKReporter (topics: pskr/filter/v2/+/FT8/#, pskr/filter/v2/+/FT4/#, pskr/filter/v2/+/CW/#, pskr/filter/v2/+/RTTY/#, pskr/filter/v2/+/MSK144/#, pskr/filter/v2/+/PSK31/#)...
2025/12/28 19:38:51 Unified deduplication active: 120 second window
2025/12/28 19:38:51 Architecture: ALL sources -> Dedup Engine -> Ring Buffer -> Clients
2025/12/28 19:38:51 Statistics will be displayed every 60 seconds...
2025/12/28 19:38:51 ---
2025/12/28 19:38:51 Diagnostics server listening on 127.0.0.1:6061 (pprof + /debug/heapdump)
2025/12/28 19:38:51 PSKReporter: Subscribed to pskr/filter/v2/+/FT8/#
2025/12/28 19:38:51 PSKReporter: Subscribed to pskr/filter/v2/+/FT4/#
2025/12/28 19:38:51 PSKReporter: Subscribed to pskr/filter/v2/+/CW/#
2025/12/28 19:38:51 PSKReporter: Subscribed to pskr/filter/v2/+/RTTY/#
2025/12/28 19:38:51 PSKReporter: Subscribed to pskr/filter/v2/+/MSK144/#
2025/12/28 19:38:51 PSKReporter: Subscribed to pskr/filter/v2/+/PSK31/#
2025/12/28 19:38:51 PSKReporter: Successfully subscribed, receiving spots...
2025/12/28 19:38:52 Logging in to RBN-CW-RTTY as N2WQ-2
2025/12/28 19:38:52 Logging in to RBN-FT4-FT8 as N2WQ-2
2025/12/28 19:38:58 Call corrected: TA3AAN -> WA3AAN at 7033.4 kHz (5 / 62%)
2025/12/28 19:39:05 New connection from 127.0.0.1:53664
2025/12/28 19:39:06 Call corrected: N0GR -> N0GRA at 10110.4 kHz (15 / 93%)
2025/12/28 19:39:07 Client 127.0.0.1:53664 logged in as LZ1BB
2025/12/28 19:39:07 Loaded saved filter for LZ1BB
2025/12/28 19:39:07 Registered client: LZ1BB (total: 1)
2025/12/28 19:39:27 CTY drop: unknown DE ZE185-# at 5358.7 kHz (source=PSKREPORTER total=1)
2025/12/28 19:39:27 Call corrected: KG7MVH -> G7MVH at 14028.0 kHz (3 / 75%)
2025/12/28 19:39:29 Call corrected: KG7MVH -> G7MVH at 14028.0 kHz (4 / 80%)
2025/12/28 19:39:50 Call corrected: KI6OYS -> KI6OY at 7028.0 kHz (3 / 75%)
2025/12/28 19:39:51 Uptime: 00:01   Memory MB: 63.0 / 11.9 / 0.5 (0.1%) / 0.2 / 0.5 (88.2%) / 1.2 (49.2%)
2025/12/28 19:39:51 Grid database: 261,472 TOTAL / 82%
2025/12/28 19:39:51 CTY: age 1m
2025/12/28 19:39:51 FCC ULS: 842,186 records. Last updated 12-22-2025 19:18:47
2025/12/28 19:39:51 RBN: 1172 TOTAL / 218 CW / 2 RTTY / 875 FT8 / 77 FT4
2025/12/28 19:39:51 PSKReporter: 19,870 TOTAL / 30 CW / 0 RTTY / 19,453 FT8 / 387 FT4 / 0 MSK144
2025/12/28 19:39:51 Corrected calls: 5 (C) / 0 (U) / 18 (F) / 0 (H)
2025/12/28 19:39:51 Secondary dedup: 21,052 in / 8,718 dup / 12,334 fwd
2025/12/28 19:39:51 Telnet: 1 clients. Drops: 0 (Q) / 0 (C)
2025/12/28 19:39:51 
2025/12/28 19:40:51 Uptime: 00:02   Memory MB: 60.1 / 22.5 / 0.9 (0.1%) / 0.1 / 0.7 (91.9%) / 1.2 (53.9%)
2025/12/28 19:40:51 Grid database: 261,478 TOTAL / 85%
2025/12/28 19:40:51 CTY: age 2m
2025/12/28 19:40:51 FCC ULS: 842,186 records. Last updated 12-22-2025 19:18:47
2025/12/28 19:40:51 RBN: 1303 TOTAL / 265 CW / 0 RTTY / 948 FT8 / 90 FT4
2025/12/28 19:40:51 PSKReporter: 20,731 TOTAL / 32 CW / 1 RTTY / 20,271 FT8 / 427 FT4 / 0 MSK144
2025/12/28 19:40:51 Corrected calls: 5 (C) / 0 (U) / 34 (F) / 0 (H)
2025/12/28 19:40:51 Secondary dedup: 43,089 in / 19,448 dup / 23,641 fwd
2025/12/28 19:40:51 Telnet: 1 clients. Drops: 0 (Q) / 0 (C)
2025/12/28 19:40:51 
2025/12/28 19:40:57 Call corrected: TK1BG -> K1BG at 7031.8 kHz (11 / 57%)
2025/12/28 19:41:12 CTY drop: unknown DX 3BBO3O36AVN at 3573.0 kHz (source=RBN-DIGITAL total=1)
2025/12/28 19:41:16 Call corrected: TW0GAS -> W0GAS at 14038.0 kHz (9 / 90%)
2025/12/28 19:41:19 Call corrected: TK1BG -> K1BG at 7031.8 kHz (14 / 60%)
2025/12/28 19:41:36 Call corrected: KQ4L -> KQ4LEA at 7042.5 kHz (4 / 80%)
2025/12/28 19:41:51 Uptime: 00:03   Memory MB: 116.1 / 34.4 / 1.0 (0.1%) / 0.2 / 0.8 (94.0%) / 1.2 (56.0%)
2025/12/28 19:41:51 Grid database: 261,483 TOTAL / 86%
2025/12/28 19:41:51 CTY: age 3m
2025/12/28 19:41:51 FCC ULS: 842,186 records. Last updated 12-22-2025 19:18:47
2025/12/28 19:41:51 RBN: 1398 TOTAL / 362 CW / 0 RTTY / 968 FT8 / 68 FT4
2025/12/28 19:41:51 PSKReporter: 23,700 TOTAL / 45 CW / 1 RTTY / 23,246 FT8 / 408 FT4 / 0 MSK144
2025/12/28 19:41:51 Corrected calls: 9 (C) / 0 (U) / 81 (F) / 0 (H)
2025/12/28 19:41:51 Secondary dedup: 68,191 in / 31,676 dup / 36,515 fwd
2025/12/28 19:41:51 Telnet: 1 clients. Drops: 0 (Q) / 0 (C)
2025/12/28 19:41:51 
2025/12/28 19:41:58 Call corrected: N6MU -> N7US at 7035.6 kHz (3 / 75%)
2025/12/28 19:42:00 Call corrected: W4TJE -> W4TJE/4 at 1807.0 kHz (2 / 66%)
2025/12/28 19:42:14 CTY drop: unknown DE 161OS344-# at 3574.3 kHz (source=PSKREPORTER total=36)
2025/12/28 19:42:38 Call corrected: W6SEU -> W6SX at 7030.6 kHz (42 / 87%)
2025/12/28 19:42:41 Call corrected: W5A -> W5AK at 7020.0 kHz (35 / 97%)
2025/12/28 19:42:44 Call corrected: WB7S -> W6SX at 7030.0 kHz (36 / 73%)
2025/12/28 19:42:51 Uptime: 00:04   Memory MB: 147.6 / 45.4 / 1.0 (0.2%) / 0.2 / 0.8 (95.1%) / 1.2 (55.9%)
2025/12/28 19:42:51 Grid database: 261,494 TOTAL / 86%
2025/12/28 19:42:51 CTY: age 4m
2025/12/28 19:42:51 FCC ULS: 842,186 records. Last updated 12-22-2025 19:18:47
2025/12/28 19:42:51 RBN: 1517 TOTAL / 359 CW / 0 RTTY / 1095 FT8 / 63 FT4
2025/12/28 19:42:51 PSKReporter: 21,526 TOTAL / 93 CW / 0 RTTY / 21,104 FT8 / 328 FT4 / 0 MSK144
2025/12/28 19:42:51 Corrected calls: 14 (C) / 0 (U) / 117 (F) / 0 (H)
2025/12/28 19:42:51 Secondary dedup: 91,241 in / 42,830 dup / 48,411 fwd
2025/12/28 19:42:51 Telnet: 1 clients. Drops: 0 (Q) / 0 (C)
2025/12/28 19:42:51 
2025/12/28 19:42:56 Call corrected: W5AN -> W5AK at 7020.0 kHz (38 / 97%)
2025/12/28 19:42:59 Call corrected: N4BV -> N4BP at 7032.4 kHz (34 / 94%)
2025/12/28 19:43:50 CTY drop: unknown DE 22DX-# at 14076.8 kHz (source=PSKREPORTER total=59)
2025/12/28 19:43:51 Uptime: 00:05   Memory MB: 148.0 / 56.2 / 1.0 (0.2%) / 0.2 / 0.9 (95.8%) / 1.2 (61.2%)
2025/12/28 19:43:51 Grid database: 261,497 TOTAL / 86%
2025/12/28 19:43:51 CTY: age 5m
2025/12/28 19:43:51 FCC ULS: 842,186 records. Last updated 12-22-2025 19:18:47
2025/12/28 19:43:51 RBN: 1304 TOTAL / 303 CW / 0 RTTY / 937 FT8 / 64 FT4
2025/12/28 19:43:51 PSKReporter: 21,321 TOTAL / 81 CW / 0 RTTY / 20,887 FT8 / 353 FT4 / 0 MSK144
2025/12/28 19:43:51 Corrected calls: 16 (C) / 0 (U) / 141 (F) / 0 (H)
2025/12/28 19:43:51 Secondary dedup: 113,868 in / 53,389 dup / 60,479 fwd
2025/12/28 19:43:51 Telnet: 1 clients. Drops: 0 (Q) / 0 (C)
2025/12/28 19:43:51 
2025/12/28 19:44:31 CTY drop: unknown DE 13RF7373-# at 3573.7 kHz (source=PSKREPORTER total=97)
2025/12/28 19:44:49 Call corrected: K1L -> K1LGM at 3539.3 kHz (14 / 93%)
2025/12/28 19:44:51 Uptime: 00:06   Memory MB: 198.8 / 66.7 / 0.9 (0.2%) / 0.2 / 0.9 (96.4%) / 1.2 (61.0%)
2025/12/28 19:44:51 Grid database: 261,499 TOTAL / 86%
2025/12/28 19:44:51 CTY: age 6m
2025/12/28 19:44:51 FCC ULS: 842,186 records. Last updated 12-22-2025 19:18:47
2025/12/28 19:44:51 RBN: 1298 TOTAL / 230 CW / 2 RTTY / 988 FT8 / 78 FT4
2025/12/28 19:44:51 PSKReporter: 20,666 TOTAL / 27 CW / 0 RTTY / 20,317 FT8 / 322 FT4 / 0 MSK144
2025/12/28 19:44:51 Corrected calls: 17 (C) / 0 (U) / 168 (F) / 0 (H)
2025/12/28 19:44:51 Secondary dedup: 135,834 in / 64,124 dup / 71,710 fwd
2025/12/28 19:44:51 Telnet: 1 clients. Drops: 0 (Q) / 0 (C)
2025/12/28 19:44:51 
2025/12/28 19:44:53 Call corrected: K1L -> K1LGM at 3539.3 kHz (15 / 93%)
2025/12/28 19:44:54 Call corrected: K1L -> K1LGM at 3539.3 kHz (16 / 94%)
2025/12/28 19:44:56 Call corrected: TW0GAS -> W0GAS at 14038.0 kHz (17 / 85%)
2025/12/28 19:44:56 Call corrected: K1L -> K1LGM at 3539.3 kHz (17 / 94%)
2025/12/28 19:44:56 Call corrected: K1L -> K1LGM at 3539.3 kHz (18 / 94%)
2025/12/28 19:44:57 Call corrected: K1L -> K1LGM at 3539.3 kHz (19 / 95%)
2025/12/28 19:44:58 Call corrected: K1L -> K1LGM at 3539.3 kHz (20 / 95%)
2025/12/28 19:45:13 Call corrected: WA8RC -> WA8RCN at 7013.0 kHz (45 / 97%)
2025/12/28 19:45:22 Call corrected: K1LT -> K1LGM at 3539.3 kHz (22 / 95%)
2025/12/28 19:45:33 Call corrected: K1L -> K1LGM at 3539.3 kHz (23 / 95%)
2025/12/28 19:45:51 Uptime: 00:07   Memory MB: 153.1 / 76.9 / 0.9 (0.2%) / 0.1 / 0.9 (96.9%) / 1.2 (62.3%)
2025/12/28 19:45:51 Grid database: 261,506 TOTAL / 86%
2025/12/28 19:45:51 CTY: age 7m
2025/12/28 19:45:51 FCC ULS: 842,186 records. Last updated 12-22-2025 19:18:47
2025/12/28 19:45:51 RBN: 1400 TOTAL / 384 CW / 1 RTTY / 920 FT8 / 95 FT4
2025/12/28 19:45:51 PSKReporter: 20,086 TOTAL / 15 CW / 0 RTTY / 19,685 FT8 / 386 FT4 / 0 MSK144
2025/12/28 19:45:51 Corrected calls: 27 (C) / 0 (U) / 192 (F) / 0 (H)
2025/12/28 19:45:51 Secondary dedup: 157,323 in / 75,147 dup / 82,176 fwd
2025/12/28 19:45:51 Telnet: 1 clients. Drops: 0 (Q) / 0 (C)
2025/12/28 19:45:51 
2025/12/28 19:46:14 Call corrected: E78AE -> E78A at 7005.0 kHz (16 / 84%)
2025/12/28 19:46:15 Call corrected: W5AKW -> W5AK at 7020.0 kHz (50 / 98%)
2025/12/28 19:46:32 Call corrected: W5A -> W5AK at 7020.0 kHz (52 / 98%)
2025/12/28 19:46:38 Call corrected: N4CW -> N4CWZ at 3531.0 kHz (41 / 97%)
2025/12/28 19:46:51 Uptime: 00:08   Memory MB: 203.6 / 89.4 / 1.0 (0.2%) / 0.2 / 1.0 (97.3%) / 1.2 (63.2%)
2025/12/28 19:46:51 Grid database: 261,511 TOTAL / 86%
2025/12/28 19:46:51 CTY: age 8m
2025/12/28 19:46:51 FCC ULS: 842,186 records. Last updated 12-22-2025 19:18:47
2025/12/28 19:46:51 RBN: 1214 TOTAL / 234 CW / 0 RTTY / 902 FT8 / 78 FT4
2025/12/28 19:46:51 PSKReporter: 24,869 TOTAL / 67 CW / 0 RTTY / 24,305 FT8 / 497 FT4 / 0 MSK144
2025/12/28 19:46:51 Corrected calls: 31 (C) / 0 (U) / 207 (F) / 0 (H)
2025/12/28 19:46:51 Secondary dedup: 183,409 in / 87,961 dup / 95,448 fwd
2025/12/28 19:46:51 Telnet: 1 clients. Drops: 0 (Q) / 0 (C)
2025/12/28 19:46:51 
2025/12/28 19:46:52 Call corrected: K1NEG -> K1BG at 7031.9 kHz (66 / 86%)
2025/12/28 19:47:03 Call corrected: N4CW -> N4CWZ at 3531.0 kHz (44 / 97%)
2025/12/28 19:47:38 Call corrected: N4IP -> N4BP at 7032.5 kHz (110 / 97%)
2025/12/28 19:47:51 Uptime: 00:09   Memory MB: 151.6 / 93.2 / 0.6 (0.2%) / 0.0 / 1.0 (97.4%) / 1.2 (63.6%)
2025/12/28 19:47:51 Grid database: 261,516 TOTAL / 86%
2025/12/28 19:47:51 CTY: age 9m
2025/12/28 19:47:51 FCC ULS: 842,186 records. Last updated 12-22-2025 19:18:47
2025/12/28 19:47:51 RBN: 1406 TOTAL / 292 CW / 0 RTTY / 1025 FT8 / 89 FT4
2025/12/28 19:47:51 PSKReporter: 6,548 TOTAL / 14 CW / 0 RTTY / 6,425 FT8 / 109 FT4 / 0 MSK144
2025/12/28 19:47:51 Corrected calls: 34 (C) / 0 (U) / 229 (F) / 0 (H)
2025/12/28 19:47:51 Secondary dedup: 191,368 in / 91,832 dup / 99,536 fwd
2025/12/28 19:47:51 Telnet: 1 clients. Drops: 0 (Q) / 0 (C)
2025/12/28 19:47:51 
2025/12/28 19:47:53 Call corrected: KP4EA -> KP4ES at 7026.0 kHz (35 / 94%)
2025/12/28 19:47:55 CTY drop: unknown DE 161OS344-# at 3574.0 kHz (source=PSKREPORTER total=130)
2025/12/28 19:48:03 Call corrected: VE7F -> VE7FE at 14050.0 kHz (18 / 90%)
2025/12/28 19:48:04 Call corrected: K1L -> K1LGM at 3539.3 kHz (25 / 96%)
2025/12/28 19:48:06 Call corrected: KQ4L -> KQ4LEA at 7042.5 kHz (10 / 62%)
2025/12/28 19:48:12 Call corrected: TK1BG -> K1BG at 7031.8 kHz (77 / 81%)
2025/12/28 19:48:13 Call corrected: W4WU -> W4WF at 3529.9 kHz (45 / 97%)
2025/12/28 19:48:15 Call corrected: VE7F -> VE7FE at 14050.1 kHz (20 / 90%)
2025/12/28 19:48:28 CTY drop: unknown DE 14FRS6218-# at 14075.1 kHz (source=PSKREPORTER total=155)
2025/12/28 19:48:28 Call corrected: KP4EI -> KP4ES at 7026.0 kHz (30 / 93%)
2025/12/28 19:48:39 Call corrected: K1L -> K1LGM at 3539.3 kHz (25 / 96%)
2025/12/28 19:48:50 Call corrected: VE7U -> VE7FE at 14050.0 kHz (21 / 91%)
2025/12/28 19:48:51 Uptime: 00:10   Memory MB: 269.8 / 112.8 / 1.0 (0.2%) / 0.2 / 1.0 (97.8%) / 1.2 (60.4%)
2025/12/28 19:48:51 Grid database: 261,529 TOTAL / 86%
2025/12/28 19:48:51 CTY: age 10m
2025/12/28 19:48:51 FCC ULS: 842,186 records. Last updated 12-22-2025 19:18:47
2025/12/28 19:48:51 RBN: 1212 TOTAL / 229 CW / 1 RTTY / 913 FT8 / 69 FT4
2025/12/28 19:48:51 PSKReporter: 40,031 TOTAL / 194 CW / 0 RTTY / 39,045 FT8 / 792 FT4 / 0 MSK144
2025/12/28 19:48:51 Corrected calls: 44 (C) / 0 (U) / 247 (F) / 0 (H)
2025/12/28 19:48:51 Secondary dedup: 232,615 in / 111,175 dup / 121,440 fwd
2025/12/28 19:48:51 Telnet: 1 clients. Drops: 0 (Q) / 0 (C)
2025/12/28 19:48:51 
2025/12/28 19:49:06 Call corrected: I4CWZ -> N4CWZ at 3530.7 kHz (32 / 96%)
2025/12/28 19:49:09 CTY drop: unknown DX C7NBM at 7045.0 kHz (source=RBN total=2)
2025/12/28 19:49:14 Call corrected: N6US -> N7US at 7035.7 kHz (30 / 90%)
2025/12/28 19:49:19 CTY drop: unknown DE ZE185-# at 5358.9 kHz (source=PSKREPORTER total=156)
2025/12/28 19:49:35 Call corrected: TK1BG -> K1BG at 7031.8 kHz (63 / 67%)
2025/12/28 19:49:43 Call corrected: KP4EI -> KP4ES at 7026.0 kHz (27 / 93%)
2025/12/28 19:49:51 Uptime: 00:11   Memory MB: 260.0 / 121.1 / 0.9 (0.2%) / 0.1 / 1.0 (97.9%) / 1.2 (61.1%)
2025/12/28 19:49:51 Grid database: 261,532 TOTAL / 87%
2025/12/28 19:49:51 CTY: age 11m
2025/12/28 19:49:51 FCC ULS: 842,186 records. Last updated 12-22-2025 19:18:47
2025/12/28 19:49:51 RBN: 1291 TOTAL / 221 CW / 0 RTTY / 979 FT8 / 91 FT4
2025/12/28 19:49:51 PSKReporter: 20,015 TOTAL / 39 CW / 0 RTTY / 19,555 FT8 / 421 FT4 / 0 MSK144
2025/12/28 19:49:51 Corrected calls: 48 (C) / 0 (U) / 271 (F) / 0 (H)
2025/12/28 19:49:51 Secondary dedup: 253,925 in / 121,059 dup / 132,866 fwd
2025/12/28 19:49:51 Telnet: 1 clients. Drops: 0 (Q) / 0 (C)
2025/12/28 19:49:51 
2025/12/28 19:49:51 Call corrected: W4WU -> W4WF at 3529.9 kHz (47 / 97%)
2025/12/28 19:50:23 Call corrected: N4NEP -> N4BP at 7032.4 kHz (25 / 71%)
2025/12/28 19:50:41 Call corrected: TK1SEI -> K1SEI at 3534.8 kHz (39 / 97%)
2025/12/28 19:50:46 Call corrected: KP4EI -> KP4ES at 7026.0 kHz (25 / 92%)
2025/12/28 19:50:46 Call corrected: TW5LXS -> W5LXS at 3533.4 kHz (18 / 85%)
2025/12/28 19:50:51 Uptime: 00:12   Memory MB: 228.8 / 121.1 / 0.9 (0.2%) / 0.2 / 1.0 (98.1%) / 1.2 (61.5%)
2025/12/28 19:50:51 Grid database: 261,534 TOTAL / 87%
2025/12/28 19:50:51 CTY: age 12m
2025/12/28 19:50:51 FCC ULS: 842,186 records. Last updated 12-22-2025 19:18:47
2025/12/28 19:50:51 RBN: 1142 TOTAL / 217 CW / 0 RTTY / 861 FT8 / 64 FT4
2025/12/28 19:50:51 PSKReporter: 21,800 TOTAL / 14 CW / 0 RTTY / 21,354 FT8 / 432 FT4 / 0 MSK144
2025/12/28 19:50:51 Corrected calls: 53 (C) / 0 (U) / 291 (F) / 0 (H)
2025/12/28 19:50:51 Secondary dedup: 276,871 in / 131,465 dup / 145,406 fwd
2025/12/28 19:50:51 Telnet: 1 clients. Drops: 0 (Q) / 0 (C)
2025/12/28 19:50:51 
2025/12/28 19:50:51 Call corrected: KP4EI -> KP4ES at 7026.0 kHz (25 / 92%)
2025/12/28 19:51:31 Call corrected: W4WU -> W4WF at 3529.9 kHz (8 / 88%)
2025/12/28 19:51:31 Call corrected: K0VW -> K0BH at 7037.8 kHz (17 / 73%)
2025/12/28 19:51:51 Uptime: 00:13   Memory MB: 354.6 / 121.1 / 0.9 (0.2%) / 0.2 / 1.0 (98.2%) / 1.2 (61.9%)
2025/12/28 19:51:51 Grid database: 261,535 TOTAL / 87%
2025/12/28 19:51:51 CTY: age 13m
2025/12/28 19:51:51 FCC ULS: 842,186 records. Last updated 12-22-2025 19:18:47
2025/12/28 19:51:51 RBN: 1258 TOTAL / 187 CW / 0 RTTY / 994 FT8 / 77 FT4
2025/12/28 19:51:51 PSKReporter: 20,269 TOTAL / 33 CW / 0 RTTY / 19,776 FT8 / 460 FT4 / 0 MSK144
2025/12/28 19:51:51 Corrected calls: 56 (C) / 0 (U) / 310 (F) / 0 (H)
2025/12/28 19:51:51 Secondary dedup: 298,402 in / 141,269 dup / 157,133 fwd
2025/12/28 19:51:51 Telnet: 1 clients. Drops: 0 (Q) / 0 (C)
2025/12/28 19:51:51 
2025/12/28 19:52:03 Call corrected: AE4EA -> KE4EA at 3528.5 kHz (33 / 97%)
2025/12/28 19:52:16 CTY drop: unknown DE 161OS344-# at 7074.9 kHz (source=PSKREPORTER total=229)
2025/12/28 19:52:22 Call corrected: N4TIP -> N4BP at 7032.5 kHz (15 / 88%)
2025/12/28 19:52:26 Call corrected: W4WU -> W4WF at 3529.9 kHz (4 / 80%)
2025/12/28 19:52:51 Uptime: 00:14   Memory MB: 305.3 / 121.1 / 0.9 (0.2%) / 0.1 / 1.0 (98.3%) / 1.2 (61.9%)
2025/12/28 19:52:51 Grid database: 261,542 TOTAL / 87%
2025/12/28 19:52:51 CTY: age 14m
2025/12/28 19:52:51 FCC ULS: 842,186 records. Last updated 12-22-2025 19:18:47
2025/12/28 19:52:51 RBN: 1255 TOTAL / 262 CW / 0 RTTY / 930 FT8 / 63 FT4
2025/12/28 19:52:51 PSKReporter: 19,900 TOTAL / 31 CW / 0 RTTY / 19,388 FT8 / 481 FT4 / 0 MSK144
2025/12/28 19:52:51 Corrected calls: 59 (C) / 0 (U) / 328 (F) / 0 (H)
2025/12/28 19:52:51 Secondary dedup: 319,562 in / 151,361 dup / 168,201 fwd
2025/12/28 19:52:51 Telnet: 1 clients. Drops: 0 (Q) / 0 (C)
2025/12/28 19:52:51 
2025/12/28 19:53:05 Call corrected: KQ4L -> KQ4LEA at 7042.5 kHz (8 / 88%)
2025/12/28 19:53:07 Call corrected: W5AKD -> W5AK at 7020.1 kHz (16 / 88%)
2025/12/28 19:53:08 Call corrected: TK1BG -> K1BG at 7031.8 kHz (28 / 57%)
2025/12/28 19:53:15 Call corrected: KP4EEE -> KP4ES at 7026.0 kHz (44 / 97%)
2025/12/28 19:53:18 Call corrected: KQ4L -> KQ4LEA at 7042.5 kHz (8 / 88%)
2025/12/28 19:53:22 CTY drop: unknown DE 13RF029-# at 14075.1 kHz (source=PSKREPORTER total=249)
2025/12/28 19:53:33 Call corrected: E2B -> NE2B at 7041.0 kHz (21 / 84%)
2025/12/28 19:53:44 Call corrected: TK1BG -> K1BG at 7031.8 kHz (33 / 62%)
2025/12/28 19:53:51 Uptime: 00:15   Memory MB: 267.0 / 121.1 / 0.9 (0.2%) / 0.2 / 1.0 (98.4%) / 1.2 (61.6%)
2025/12/28 19:53:51 Grid database: 261,548 TOTAL / 87%
2025/12/28 19:53:51 CTY: age 15m
2025/12/28 19:53:51 FCC ULS: 842,186 records. Last updated 12-22-2025 19:18:47
2025/12/28 19:53:51 RBN: 1231 TOTAL / 249 CW / 0 RTTY / 925 FT8 / 57 FT4
2025/12/28 19:53:51 PSKReporter: 21,838 TOTAL / 78 CW / 0 RTTY / 21,439 FT8 / 321 FT4 / 0 MSK144
2025/12/28 19:53:51 Corrected calls: 66 (C) / 0 (U) / 352 (F) / 0 (H)
2025/12/28 19:53:51 Secondary dedup: 342,632 in / 162,365 dup / 180,267 fwd
2025/12/28 19:53:51 Telnet: 1 clients. Drops: 0 (Q) / 0 (C)
2025/12/28 19:53:51 
