2025/12/28 17:22:25 DX Cluster Server vdev starting...
Server: Go Cluster beta
 (N2WQ-2)
Telnet: port 9300 (transport=native echo_mode=server broadcast workers=auto queue=8192 worker_queue=1024 client_buffer=1024 skip_handshake=false)
UI: mode=tview refresh=300ms color=true clear_screen=true panes(stats=10 calls=9 unlicensed=9 harm=9 system=9)
RBN CW/RTTY: telnet.reversebeacon.net:7000 (as N2WQ-2, transport=ziutek slot_buffer=1000 keepalive=180s)
RBN Digital (FT4/FT8): telnet.reversebeacon.net:7001 (as N2WQ-2, transport=ziutek slot_buffer=1000 keepalive=180s)
Archive: data/archive/spots.db (queue=10000 batch=500/1000ms cleanup=3600s cleanup_batch=2000 yield=50ms retain_ft=43200s retain_other=86400s)
PSKReporter: mqtt.pskreporter.info:1883 (topic:  buffer=25000 workers=auto)
Dedup: cluster=120s (prefer_stronger=true) secondary=60s (prefer_stronger=true)
Default modes: CW, LSB, USB, RTTY, MSK144, PSK31, SSTV
Default sources: HUMAN
Peering: listen_port=7300 peers=1 hop=99 transport=native keepalive=600s config=1800s topology= retention=24h
Stats interval: 60s
Call correction: enabled (min_reports=2 advantage>1 confidence>=55% recency=360s max_edit=3 tol=1000.0Hz distance_cw=morse distance_rtty=baudot invalid_action=broadcast d3_extra:+0/+0/+5%)
Call correction voice: tol=2000Hz search=2.0kHz min_snr=0
Call correction cache: size=512 ttl=120s
Harmonics: enabled (recency=120s max_multiple=3 tolerance=500.0Hz min_report_delta=6dB)
Spot policy: max_age=300s
CTY database: data/cty/cty.plist
CTY refresh: 00:10 UTC (source=https://www.country-files.com/cty/cty.plist)
Known calls refresh: 00:20 UTC (source=https://www.supercheckpartial.com/MASTER.SCP)
Grid/known DB: data/grids/calls.db (flush=60s cache=10240 cache_ttl=3600s db_check_on_miss=true ttl=90d)
Skew: refresh 00:30 UTC (min_spots=500 source=https://sm7iun.se/rbnskew.csv)
Ring buffer capacity: 250000 spots
2025/12/28 17:22:26 Loaded CTY database from data/cty/cty.plist
2025/12/28 17:22:26 Warning: failed to load quality priors from data/quality/quality_priors.dat: open data/quality/quality_priors.dat: The system cannot find the file specified.
2025/12/28 17:22:26 Warning: failed to load spotter reliability from data/quality/spotter_reliability.dat: open data/quality/spotter_reliability.dat: The system cannot find the file specified.
2025/12/28 17:22:26 Ring buffer created (capacity: 250000)
2025/12/28 17:22:26 Loaded 50314 known callsigns from data/scp/MASTER.SCP
2025/12/28 17:22:33 Gridstore: db_check_on_miss=true (source=data\config)
2025/12/28 17:22:33 Loaded 125 RBN skew corrections from data/skm_correction/rbnskew.json
2025/12/28 17:22:33 Deduplicator: Starting unified processing loop for ALL sources
2025/12/28 17:22:33 Deduplication active with 2m0s window
2025/12/28 17:22:33 Secondary deduplication active with 1m0s window (broadcast-only)
2025/12/28 17:22:33 Mode inference: dx_cache=50000 ttl=300s digital_window=300s min_corrob=10 seeds=46 seed_ttl=21600s
2025/12/28 17:22:33 Peering: listen_port=7300 peers=1 hop=99 keepalive=600s
2025/12/28 17:22:33 Peering: dialing dxs.n2wq.com:7300 as N2WQ-77
2025/12/28 17:22:33 Archive: writing to data/archive/spots.db (batch=500/1000ms queue=10000 cleanup=3600s ft_retention=43200s other_retention=86400s)
2025/12/28 17:22:33 Telnet server listening on port 9300
2025/12/28 17:22:33 Broadcast worker 9 started
2025/12/28 17:22:33 Broadcast worker 2 started
2025/12/28 17:22:33 Broadcast worker 0 started
2025/12/28 17:22:33 Broadcast worker 1 started
2025/12/28 17:22:33 Broadcast worker 5 started
2025/12/28 17:22:33 Broadcast worker 15 started
2025/12/28 17:22:33 Broadcast worker 3 started
2025/12/28 17:22:33 Broadcast worker 10 started
2025/12/28 17:22:33 Broadcast worker 11 started
2025/12/28 17:22:33 Broadcast worker 12 started
2025/12/28 17:22:33 Broadcast worker 13 started
2025/12/28 17:22:33 Broadcast worker 4 started
2025/12/28 17:22:33 Broadcast worker 14 started
2025/12/28 17:22:33 Broadcast worker 7 started
2025/12/28 17:22:33 Broadcast worker 8 started
2025/12/28 17:22:33 Broadcast worker 19 started
2025/12/28 17:22:33 Broadcast worker 17 started
2025/12/28 17:22:33 RBN-CW-RTTY: connecting to telnet.reversebeacon.net:7000...
2025/12/28 17:22:33 Broadcast worker 6 started
2025/12/28 17:22:33 Broadcast worker 18 started
2025/12/28 17:22:33 Broadcast worker 16 started
2025/12/28 17:22:33 RBN-CW-RTTY: connection established
2025/12/28 17:22:33 RBN CW/RTTY client feeding spots into unified dedup engine
2025/12/28 17:22:33 RBN-FT4-FT8: connecting to telnet.reversebeacon.net:7001...
2025/12/28 17:22:33 Peering: connected to dxs.n2wq.com:7300
2025/12/28 17:22:33 RBN-FT4-FT8: connection established
2025/12/28 17:22:33 RBN Digital (FT4/FT8) client feeding spots into unified dedup engine
2025/12/28 17:22:33 PSKReporter worker 4 started
2025/12/28 17:22:33 PSKReporter worker 1 started
2025/12/28 17:22:33 PSKReporter worker 0 started
2025/12/28 17:22:33 PSKReporter worker 3 started
2025/12/28 17:22:33 PSKReporter worker 2 started
2025/12/28 17:22:33 PSKReporter worker 17 started
2025/12/28 17:22:33 PSKReporter worker 15 started
2025/12/28 17:22:33 Connecting to PSKReporter MQTT broker at tcp://mqtt.pskreporter.info:1883 (topics=pskr/filter/v2/+/FT8/#,pskr/filter/v2/+/FT4/#,pskr/filter/v2/+/CW/#,pskr/filter/v2/+/RTTY/#,pskr/filter/v2/+/MSK144/#,pskr/filter/v2/+/PSK31/#)...
2025/12/28 17:22:33 PSKReporter worker 12 started
2025/12/28 17:22:33 PSKReporter worker 11 started
2025/12/28 17:22:33 PSKReporter worker 13 started
2025/12/28 17:22:33 PSKReporter worker 19 started
2025/12/28 17:22:33 PSKReporter worker 16 started
2025/12/28 17:22:33 PSKReporter worker 5 started
2025/12/28 17:22:33 PSKReporter worker 8 started
2025/12/28 17:22:33 PSKReporter worker 9 started
2025/12/28 17:22:33 PSKReporter worker 14 started
2025/12/28 17:22:33 PSKReporter worker 18 started
2025/12/28 17:22:33 PSKReporter worker 7 started
2025/12/28 17:22:33 PSKReporter worker 10 started
2025/12/28 17:22:33 PSKReporter worker 6 started
2025/12/28 17:22:33 Peering hs N2WQ-77 -> dxs.n2wq.com RX login: PC18^DXSpider Version: 1.57 Build: 633 Git: mojo/c3350180[r] pc9x 91^5457^
2025/12/28 17:22:33 Peering hs N2WQ-77 -> dxs.n2wq.com TX init (pc9x=true)
2025/12/28 17:22:33 Peering hs N2WQ-77 -> dxs.n2wq.com RX PC92^N2WQ-73^80556^A^^5N2WQ-77:24.228.199.45^H99^
2025/12/28 17:22:33 Peering hs N2WQ-77 -> dxs.n2wq.com RX PC92^N2WQ-73^80556.01^K^5N2WQ-73:5457:633^30^3^3.18.69.242^mojo/c3350180[r]^H99^
2025/12/28 17:22:33 Peering hs N2WQ-77 -> dxs.n2wq.com RX PC22^
2025/12/28 17:22:33 Connected to PSKReporter MQTT broker
2025/12/28 17:22:33 PSKReporter client feeding spots into unified dedup engine
2025/12/28 17:22:33 PSKReporter: Connected, subscribing to 6 topic(s)
2025/12/28 17:22:33 Cluster is running. Press Ctrl+C to stop.
2025/12/28 17:22:33 Connect via: telnet localhost 9300
2025/12/28 17:22:33 Receiving CW/RTTY spots from RBN (port 7000)...
2025/12/28 17:22:33 Receiving FT4/FT8 spots from RBN Digital (port 7001)...
2025/12/28 17:22:33 Receiving digital mode spots from PSKReporter (topics: pskr/filter/v2/+/FT8/#, pskr/filter/v2/+/FT4/#, pskr/filter/v2/+/CW/#, pskr/filter/v2/+/RTTY/#, pskr/filter/v2/+/MSK144/#, pskr/filter/v2/+/PSK31/#)...
2025/12/28 17:22:33 Unified deduplication active: 120 second window
2025/12/28 17:22:33 Architecture: ALL sources -> Dedup Engine -> Ring Buffer -> Clients
2025/12/28 17:22:33 Statistics will be displayed every 60 seconds...
2025/12/28 17:22:33 ---
2025/12/28 17:22:33 Diagnostics server listening on localhost:6061 (pprof + /debug/heapdump)
2025/12/28 17:22:33 PSKReporter: Subscribed to pskr/filter/v2/+/FT8/#
2025/12/28 17:22:34 PSKReporter: Subscribed to pskr/filter/v2/+/FT4/#
2025/12/28 17:22:34 PSKReporter: Subscribed to pskr/filter/v2/+/CW/#
2025/12/28 17:22:34 PSKReporter: Subscribed to pskr/filter/v2/+/RTTY/#
2025/12/28 17:22:34 PSKReporter: Subscribed to pskr/filter/v2/+/MSK144/#
2025/12/28 17:22:34 PSKReporter: Subscribed to pskr/filter/v2/+/PSK31/#
2025/12/28 17:22:34 PSKReporter: Successfully subscribed, receiving spots...
2025/12/28 17:22:35 Logging in to RBN-CW-RTTY as N2WQ-2
2025/12/28 17:22:35 Logging in to RBN-FT4-FT8 as N2WQ-2
2025/12/28 17:22:50 New connection from [::1]:60926
2025/12/28 17:22:53 Client [::1]:60926 logged in as K3TO
2025/12/28 17:22:53 Loaded saved filter for K3TO
2025/12/28 17:22:53 Registered client: K3TO (total: 1)
2025/12/28 17:23:01 Call corrected: S51BR -> S51BW at 7029.6 kHz (4 / 80%)
2025/12/28 17:23:13 Call corrected: VA1ET -> VA1EET at 7020.0 kHz (34 / 97%)
2025/12/28 17:23:18 New connection from 127.0.0.1:60931
2025/12/28 17:23:20 Call corrected: RN6LR -> RN6LRI at 7036.0 kHz (4 / 80%)
2025/12/28 17:23:21 Client 127.0.0.1:60931 logged in as LZ1BB
2025/12/28 17:23:21 Loaded saved filter for LZ1BB
2025/12/28 17:23:21 Registered client: LZ1BB (total: 2)
2025/12/28 17:23:24 RBN drop: CTY miss for DX 0772819551D (line=DX de KM3T-5-#:  14074.0  0772819551D    FT8  -15 dB          CQ      2223Z)
2025/12/28 17:23:24 RBN drop: CTY miss for DX 1G2UAQ (line=DX de KM3T-5-#:  14074.0  1G2UAQ         FT8  -17 dB  EL54    CQ      2223Z)
2025/12/28 17:23:26 Call corrected: KC1U -> KC1UML at 7034.0 kHz (6 / 85%)
2025/12/28 17:23:33 Uptime: 00:01   Memory MB: 48.8 / 6.7 / 0.2 (0.1%) / 0.0 / 0.4 (94.0%) / 1.2 (52.6%)
2025/12/28 17:23:33 Grid database: 261,146 TOTAL / 81%
2025/12/28 17:23:33 CTY: age 1m
2025/12/28 17:23:33 FCC ULS: 842,186 records. Last updated 12-22-2025 19:18:47
2025/12/28 17:23:33 RBN: 1559 TOTAL / 238 CW / 0 RTTY / 1167 FT8 / 154 FT4
2025/12/28 17:23:33 PSKReporter: 8,477 TOTAL / 3 CW / 0 RTTY / 8,133 FT8 / 341 FT4 / 0 MSK144
2025/12/28 17:23:33 Corrected calls: 4 (C) / 0 (U) / 6 (F) / 0 (H)
2025/12/28 17:23:33 Secondary dedup: 10,038 in / 2,687 dup / 7,351 fwd
2025/12/28 17:23:33 Telnet: 2 clients. Drops: 0 (Q) / 0 (C)
2025/12/28 17:23:33 
2025/12/28 17:23:47 PSKReporter drop: CTY miss for DE 22DX-# freq=7076.2 mode=FT8 (total=1)
2025/12/28 17:24:25 Call corrected: PA3DQKN -> PA3DQ at 3539.9 kHz (3 / 75%)
2025/12/28 17:24:26 Call corrected: PA3DQKN -> PA3DQ at 3540.0 kHz (4 / 80%)
2025/12/28 17:24:27 Call corrected: PA3DQKN -> PA3DQ at 3540.0 kHz (5 / 83%)
2025/12/28 17:24:27 Call corrected: PA3DQKN -> PA3DQ at 3540.0 kHz (6 / 85%)
2025/12/28 17:24:29 Call corrected: PA3DQKN -> PA3DQ at 3540.0 kHz (7 / 87%)
2025/12/28 17:24:33 Uptime: 00:02   Memory MB: 104.9 / 28.4 / 0.7 (0.1%) / 0.1 / 0.8 (97.2%) / 1.2 (62.6%)
2025/12/28 17:24:33 Grid database: 261,160 TOTAL / 83%
2025/12/28 17:24:33 CTY: age 2m
2025/12/28 17:24:33 FCC ULS: 842,186 records. Last updated 12-22-2025 19:18:47
2025/12/28 17:24:33 RBN: 1484 TOTAL / 295 CW / 0 RTTY / 1119 FT8 / 70 FT4
2025/12/28 17:24:33 PSKReporter: 43,953 TOTAL / 82 CW / 0 RTTY / 42,659 FT8 / 1,212 FT4 / 0 MSK144
2025/12/28 17:24:33 Corrected calls: 9 (C) / 0 (U) / 25 (F) / 0 (H)
2025/12/28 17:24:33 Secondary dedup: 55,477 in / 22,234 dup / 33,243 fwd
2025/12/28 17:24:33 Telnet: 2 clients. Drops: 0 (Q) / 0 (C)
2025/12/28 17:24:33 
2025/12/28 17:24:37 PSKReporter drop: CTY miss for DE 13RF7373-# freq=7075.0 mode=FT8 (total=82)
2025/12/28 17:24:39 Call corrected: V3RAM -> IV3RAM at 3554.0 kHz (2 / 100%)
2025/12/28 17:24:48 Call corrected: N4GI -> N4OI at 7036.9 kHz (9 / 90%)
2025/12/28 17:25:18 Call corrected: DL1D -> DL1DAW at 7012.0 kHz (30 / 88%)
2025/12/28 17:25:26 PSKReporter drop: CTY miss for DE 14FRS6218-# freq=14074.4 mode=FT8 (total=161)
2025/12/28 17:25:33 Uptime: 00:03   Memory MB: 109.6 / 54.4 / 1.1 (0.1%) / 0.1 / 1.0 (98.3%) / 1.2 (57.4%)
2025/12/28 17:25:33 Grid database: 261,168 TOTAL / 84%
2025/12/28 17:25:33 CTY: age 3m
2025/12/28 17:25:33 FCC ULS: 842,186 records. Last updated 12-22-2025 19:18:47
2025/12/28 17:25:33 RBN: 1451 TOTAL / 198 CW / 0 RTTY / 1121 FT8 / 132 FT4
2025/12/28 17:25:33 PSKReporter: 53,136 TOTAL / 67 CW / 0 RTTY / 51,807 FT8 / 1,262 FT4 / 0 MSK144
2025/12/28 17:25:33 Corrected calls: 12 (C) / 0 (U) / 42 (F) / 0 (H)
2025/12/28 17:25:33 Secondary dedup: 110,069 in / 47,986 dup / 62,083 fwd
2025/12/28 17:25:33 Telnet: 2 clients. Drops: 0 (Q) / 0 (C)
2025/12/28 17:25:33 
2025/12/28 17:26:03 PSKReporter drop: CTY miss for DX B67YOV freq=10136.2 mode=FT8 (total=1)
2025/12/28 17:26:06 Call corrected: JO2ASQ -> JO2ASQ/6 at 7017.0 kHz (3 / 60%)
2025/12/28 17:26:33 RBN drop: CTY miss for DX BFOM482ZFV (line=DX de N2CR-#:    10136.0  BFOM482ZFV     FT8  -16 dB          CQ      2226Z)
2025/12/28 17:26:33 Uptime: 00:04   Memory MB: 211.5 / 69.6 / 1.1 (0.1%) / 0.1 / 1.1 (98.6%) / 1.2 (57.2%)
2025/12/28 17:26:33 Grid database: 261,173 TOTAL / 85%
2025/12/28 17:26:33 CTY: age 4m
2025/12/28 17:26:33 FCC ULS: 842,186 records. Last updated 12-22-2025 19:18:47
2025/12/28 17:26:33 RBN: 1720 TOTAL / 270 CW / 0 RTTY / 1315 FT8 / 135 FT4
2025/12/28 17:26:33 PSKReporter: 30,104 TOTAL / 52 CW / 0 RTTY / 29,102 FT8 / 950 FT4 / 0 MSK144
2025/12/28 17:26:33 Corrected calls: 13 (C) / 0 (U) / 50 (F) / 0 (H)
2025/12/28 17:26:33 Secondary dedup: 141,898 in / 63,058 dup / 78,840 fwd
2025/12/28 17:26:33 Telnet: 2 clients. Drops: 0 (Q) / 0 (C)
2025/12/28 17:26:33 
2025/12/28 17:26:36 Call corrected: S51BL -> S51BW at 7029.5 kHz (15 / 68%)
2025/12/28 17:26:39 PSKReporter drop: CTY miss for DE CHM-10 freq=144175.7 mode=FT8 (total=212)
2025/12/28 17:27:20 Call corrected: A4ANV -> UA4ANV at 7001.0 kHz (7 / 77%)
2025/12/28 17:27:33 Call corrected: CE2JH -> CE2JHE at 21035.1 kHz (17 / 89%)
2025/12/28 17:27:33 Uptime: 00:05   Memory MB: 147.1 / 80.8 / 0.8 (0.2%) / 0.1 / 1.1 (98.7%) / 1.2 (53.1%)
2025/12/28 17:27:33 Grid database: 261,179 TOTAL / 86%
2025/12/28 17:27:33 CTY: age 5m
2025/12/28 17:27:33 FCC ULS: 842,186 records. Last updated 12-22-2025 19:18:47
2025/12/28 17:27:33 RBN: 1493 TOTAL / 202 CW / 0 RTTY / 1131 FT8 / 160 FT4
2025/12/28 17:27:33 PSKReporter: 22,137 TOTAL / 26 CW / 0 RTTY / 21,410 FT8 / 701 FT4 / 0 MSK144
2025/12/28 17:27:33 Corrected calls: 16 (C) / 0 (U) / 64 (F) / 0 (H)
2025/12/28 17:27:33 Secondary dedup: 165,531 in / 73,451 dup / 92,080 fwd
2025/12/28 17:27:33 Telnet: 2 clients. Drops: 0 (Q) / 0 (C)
2025/12/28 17:27:33 
2025/12/28 17:27:36 PSKReporter drop: CTY miss for DE 13RF7373-# freq=3575.8 mode=FT8 (total=214)
2025/12/28 17:27:52 Call corrected: HK5NLJ -> HK5NLJ/3 at 21025.0 kHz (25 / 96%)
2025/12/28 17:28:31 Call corrected: NW2D -> W2DON at 14065.1 kHz (12 / 85%)
2025/12/28 17:28:33 Uptime: 00:06   Memory MB: 167.3 / 91.5 / 0.7 (0.2%) / 0.1 / 1.1 (98.9%) / 1.2 (51.8%)
2025/12/28 17:28:33 Grid database: 261,183 TOTAL / 87%
2025/12/28 17:28:33 CTY: age 6m
2025/12/28 17:28:33 FCC ULS: 842,186 records. Last updated 12-22-2025 19:18:47
2025/12/28 17:28:33 RBN: 1531 TOTAL / 214 CW / 0 RTTY / 1171 FT8 / 146 FT4
2025/12/28 17:28:33 PSKReporter: 20,882 TOTAL / 50 CW / 0 RTTY / 20,172 FT8 / 660 FT4 / 0 MSK144
2025/12/28 17:28:33 Corrected calls: 18 (C) / 0 (U) / 72 (F) / 0 (H)
2025/12/28 17:28:33 Secondary dedup: 187,951 in / 82,680 dup / 105,271 fwd
2025/12/28 17:28:33 Telnet: 2 clients. Drops: 0 (Q) / 0 (C)
2025/12/28 17:28:33 
2025/12/28 17:29:33 Uptime: 00:07   Memory MB: 164.6 / 101.2 / 0.5 (0.2%) / 0.0 / 1.1 (99.0%) / 1.2 (50.8%)
2025/12/28 17:29:33 Grid database: 261,186 TOTAL / 87%
2025/12/28 17:29:33 CTY: age 7m
2025/12/28 17:29:33 FCC ULS: 842,186 records. Last updated 12-22-2025 19:18:47
2025/12/28 17:29:33 RBN: 1640 TOTAL / 200 CW / 0 RTTY / 1307 FT8 / 133 FT4
2025/12/28 17:29:33 PSKReporter: 18,724 TOTAL / 17 CW / 0 RTTY / 18,202 FT8 / 505 FT4 / 0 MSK144
2025/12/28 17:29:33 Corrected calls: 18 (C) / 0 (U) / 93 (F) / 0 (H)
2025/12/28 17:29:33 Secondary dedup: 208,318 in / 90,676 dup / 117,642 fwd
2025/12/28 17:29:33 Telnet: 2 clients. Drops: 0 (Q) / 0 (C)
2025/12/28 17:29:33 
2025/12/28 17:29:33 PSKReporter drop: CTY miss for DE 22DX-# freq=7076.5 mode=FT8 (total=259)
2025/12/28 17:29:36 Call corrected: YT3TYT -> YT3T at 7030.3 kHz (15 / 93%)
2025/12/28 17:29:39 Call corrected: YT3TYT -> YT3T at 7030.3 kHz (16 / 94%)
2025/12/28 17:29:39 Call corrected: YT3TYT -> YT3T at 7030.3 kHz (16 / 94%)
2025/12/28 17:29:39 Call corrected: YT3TYT -> YT3T at 7030.3 kHz (16 / 94%)
2025/12/28 17:29:40 Call corrected: A4ANV -> UA4ANV at 7001.0 kHz (15 / 93%)
2025/12/28 17:29:40 Call corrected: YT3TYT -> YT3T at 7030.3 kHz (17 / 94%)
2025/12/28 17:29:40 Call corrected: YT3TYT -> YT3T at 7030.3 kHz (18 / 94%)
2025/12/28 17:29:40 Call corrected: YT3TYT -> YT3T at 7030.3 kHz (19 / 95%)
2025/12/28 17:29:41 Call corrected: A4ANV -> UA4ANV at 7001.0 kHz (16 / 94%)
2025/12/28 17:29:41 Call corrected: YT3TYT -> YT3T at 7030.3 kHz (20 / 95%)
2025/12/28 17:29:41 Call corrected: YT3TYT -> YT3T at 7030.3 kHz (21 / 95%)
2025/12/28 17:29:42 Call corrected: YT3TYT -> YT3T at 7030.3 kHz (22 / 95%)
2025/12/28 17:29:42 Call corrected: YT3TYT -> YT3T at 7030.3 kHz (24 / 96%)
2025/12/28 17:29:43 Call corrected: YT3TYT -> YT3T at 7030.3 kHz (25 / 96%)
2025/12/28 17:29:44 Call corrected: YT3TYT -> YT3T at 7030.3 kHz (27 / 96%)
2025/12/28 17:29:45 Call corrected: YT3TYT -> YT3T at 7030.3 kHz (28 / 96%)
2025/12/28 17:29:45 Call corrected: YT3TYT -> YT3T at 7030.3 kHz (29 / 96%)
2025/12/28 17:29:46 Call corrected: YT3TYT -> YT3T at 7030.3 kHz (30 / 96%)
2025/12/28 17:29:46 Call corrected: K2BVX -> OK2BVX at 3524.1 kHz (21 / 95%)
2025/12/28 17:29:51 Call corrected: DL1D -> DL1DAW at 7012.0 kHz (46 / 86%)
2025/12/28 17:29:52 Call corrected: DL3RD -> DL3RDM at 7013.2 kHz (8 / 88%)
2025/12/28 17:30:04 RBN drop: CTY miss for DX 0J3S40G3VCO (line=DX de NG7M-#:    21080.0  0J3S40G3VCO    FT8  -25 dB          CQ      2230Z)
2025/12/28 17:30:11 Call corrected: YT3TYT -> YT3T at 7030.3 kHz (31 / 96%)
2025/12/28 17:30:13 PSKReporter drop: CTY miss for DE 161OS344-# freq=5359.5 mode=FT8 (total=358)
2025/12/28 17:30:15 Call corrected: YT3TYT -> YT3T at 7030.2 kHz (32 / 96%)
2025/12/28 17:30:17 Call corrected: YT3TYT -> YT3T at 7030.3 kHz (33 / 97%)
2025/12/28 17:30:17 Call corrected: YT3TYT -> YT3T at 7030.3 kHz (34 / 97%)
2025/12/28 17:30:21 Call corrected: YT3TY -> YT3T at 7030.3 kHz (34 / 97%)
2025/12/28 17:30:33 Uptime: 00:08   Memory MB: 298.7 / 121.1 / 0.9 (0.2%) / 0.1 / 1.2 (99.2%) / 1.2 (50.7%)
2025/12/28 17:30:33 Grid database: 261,197 TOTAL / 87%
2025/12/28 17:30:33 CTY: age 8m
2025/12/28 17:30:33 FCC ULS: 842,186 records. Last updated 12-22-2025 19:18:47
2025/12/28 17:30:33 RBN: 1567 TOTAL / 294 CW / 0 RTTY / 1136 FT8 / 137 FT4
2025/12/28 17:30:33 PSKReporter: 46,476 TOTAL / 74 CW / 0 RTTY / 45,064 FT8 / 1,338 FT4 / 0 MSK144
2025/12/28 17:30:33 Corrected calls: 44 (C) / 0 (U) / 106 (F) / 0 (H)
2025/12/28 17:30:33 Secondary dedup: 256,364 in / 112,446 dup / 143,918 fwd
2025/12/28 17:30:33 Telnet: 2 clients. Drops: 0 (Q) / 0 (C)
2025/12/28 17:30:33 
2025/12/28 17:30:52 PSKReporter drop: CTY miss for DE ZE185-# freq=5359.5 mode=FT8 (total=461)
2025/12/28 17:31:01 Call corrected: K4YM -> K4NYM at 14042.0 kHz (3 / 60%)
2025/12/28 17:31:13 Call corrected: JS1NEH -> JS1DEH at 7010.5 kHz (5 / 71%)
2025/12/28 17:31:33 Uptime: 00:09   Memory MB: 332.5 / 121.1 / 0.9 (0.2%) / 0.1 / 1.2 (99.2%) / 1.2 (49.0%)
2025/12/28 17:31:33 Grid database: 261,202 TOTAL / 87%
2025/12/28 17:31:33 CTY: age 9m
2025/12/28 17:31:33 FCC ULS: 842,186 records. Last updated 12-22-2025 19:18:47
2025/12/28 17:31:33 RBN: 1445 TOTAL / 272 CW / 0 RTTY / 1053 FT8 / 120 FT4
2025/12/28 17:31:33 PSKReporter: 31,763 TOTAL / 28 CW / 0 RTTY / 31,059 FT8 / 676 FT4 / 0 MSK144
2025/12/28 17:31:33 Corrected calls: 46 (C) / 0 (U) / 126 (F) / 0 (H)
2025/12/28 17:31:33 Secondary dedup: 289,576 in / 126,708 dup / 162,868 fwd
2025/12/28 17:31:33 Telnet: 2 clients. Drops: 0 (Q) / 0 (C)
2025/12/28 17:31:33 
2025/12/28 17:31:54 Call corrected: N2WPR -> N2JPR at 7026.7 kHz (34 / 94%)
2025/12/28 17:32:14 Call corrected: M0NKD -> M0PKD at 3535.0 kHz (29 / 96%)
2025/12/28 17:32:15 PSKReporter drop: CTY miss for DE 13RF7373-# freq=3573.8 mode=FT8 (total=466)
2025/12/28 17:32:17 Call corrected: R1XMA -> EG1XMA at 7017.7 kHz (64 / 98%)
2025/12/28 17:32:17 Call corrected: EG1XUA -> EG1XMA at 7017.6 kHz (63 / 96%)
2025/12/28 17:32:18 Call corrected: R9YMCQ -> R9YM at 7016.0 kHz (23 / 95%)
2025/12/28 17:32:33 Uptime: 00:10   Memory MB: 338.2 / 121.1 / 1.0 (0.2%) / 0.1 / 1.2 (99.3%) / 1.2 (48.8%)
2025/12/28 17:32:33 Grid database: 261,209 TOTAL / 87%
2025/12/28 17:32:33 CTY: age 10m
2025/12/28 17:32:33 FCC ULS: 842,186 records. Last updated 12-22-2025 19:18:47
2025/12/28 17:32:33 RBN: 1748 TOTAL / 226 CW / 0 RTTY / 1411 FT8 / 111 FT4
2025/12/28 17:32:33 PSKReporter: 31,476 TOTAL / 34 CW / 0 RTTY / 30,543 FT8 / 897 FT4 / 1 MSK144
2025/12/28 17:32:33 Corrected calls: 51 (C) / 0 (U) / 153 (F) / 0 (H)
2025/12/28 17:32:33 Secondary dedup: 322,803 in / 142,169 dup / 180,634 fwd
2025/12/28 17:32:33 Telnet: 2 clients. Drops: 0 (Q) / 0 (C)
2025/12/28 17:32:33 
2025/12/28 17:32:44 Call corrected: G1XMA -> EG1XMA at 7017.7 kHz (66 / 97%)
2025/12/28 17:32:45 Call corrected: PA3D -> PA3DQ at 3540.0 kHz (8 / 88%)
2025/12/28 17:32:48 PSKReporter drop: CTY miss for DE 201DA155-# freq=28074.6 mode=FT8 (total=513)
2025/12/28 17:32:52 RBN drop: CTY miss for DX 0V9WRLUV0HB (line=DX de W2NNN-#:   14080.0  0V9WRLUV0HB    FT4  -19 dB          CQ      2232Z)
2025/12/28 17:33:33 Uptime: 00:11   Memory MB: 329.9 / 121.1 / 1.0 (0.2%) / 0.1 / 1.2 (99.4%) / 1.2 (48.4%)
2025/12/28 17:33:33 Grid database: 261,214 TOTAL / 87%
2025/12/28 17:33:33 CTY: age 11m
2025/12/28 17:33:33 FCC ULS: 842,186 records. Last updated 12-22-2025 19:18:47
2025/12/28 17:33:33 RBN: 1547 TOTAL / 190 CW / 0 RTTY / 1242 FT8 / 115 FT4
2025/12/28 17:33:33 PSKReporter: 28,759 TOTAL / 54 CW / 0 RTTY / 28,091 FT8 / 614 FT4 / 0 MSK144
2025/12/28 17:33:33 Corrected calls: 53 (C) / 0 (U) / 163 (F) / 0 (H)
2025/12/28 17:33:33 Secondary dedup: 353,112 in / 156,019 dup / 197,093 fwd
2025/12/28 17:33:33 Telnet: 2 clients. Drops: 0 (Q) / 0 (C)
2025/12/28 17:33:33 
2025/12/28 17:33:43 PSKReporter drop: CTY miss for DE CHM-10 freq=144175.2 mode=FT8 (total=516)
2025/12/28 17:33:48 Call corrected: HA5W -> HA5JI at 3516.6 kHz (67 / 98%)
2025/12/28 17:33:56 Call corrected: IU3UR -> IU3ULV at 3545.0 kHz (6 / 85%)
2025/12/28 17:34:06 Call corrected: AK4SQ -> WA4SQ at 3547.6 kHz (13 / 92%)
2025/12/28 17:34:07 Call corrected: AK4SQ -> WA4SQ at 3547.6 kHz (13 / 92%)
2025/12/28 17:34:12 Call corrected: G1XMA -> EG1XMA at 7019.4 kHz (48 / 88%)
2025/12/28 17:34:15 PSKReporter drop: CTY miss for DE 22DX-# freq=7076.6 mode=FT8 (total=519)
2025/12/28 17:34:24 RBN drop: CTY miss for DX PJD11J6MTHW (line=DX de NG7M-#:    10136.0  PJD11J6MTHW    FT8  -13 dB          CQ      2234Z)
2025/12/28 17:34:33 Uptime: 00:12   Memory MB: 312.4 / 121.1 / 0.9 (0.2%) / 0.1 / 1.2 (99.4%) / 1.2 (47.1%)
2025/12/28 17:34:33 Grid database: 261,217 TOTAL / 88%
2025/12/28 17:34:33 CTY: age 12m
2025/12/28 17:34:33 FCC ULS: 842,186 records. Last updated 12-22-2025 19:18:47
2025/12/28 17:34:33 RBN: 1407 TOTAL / 288 CW / 0 RTTY / 1028 FT8 / 91 FT4
2025/12/28 17:34:33 PSKReporter: 26,827 TOTAL / 23 CW / 0 RTTY / 26,199 FT8 / 604 FT4 / 1 MSK144
2025/12/28 17:34:33 Corrected calls: 58 (C) / 0 (U) / 184 (F) / 0 (H)
2025/12/28 17:34:33 Secondary dedup: 381,353 in / 169,150 dup / 212,203 fwd
2025/12/28 17:34:33 Telnet: 2 clients. Drops: 0 (Q) / 0 (C)
2025/12/28 17:34:33 
2025/12/28 17:34:50 Call corrected: A4ANV -> UA4ANV at 7001.0 kHz (47 / 97%)
2025/12/28 17:35:12 Call corrected: A4ANV -> UA4ANV at 7001.0 kHz (22 / 95%)
2025/12/28 17:35:13 Call corrected: K4YM -> K4NYM at 14042.0 kHz (19 / 95%)
2025/12/28 17:35:19 Call corrected: A4ANV -> UA4ANV at 7001.0 kHz (22 / 95%)
2025/12/28 17:35:29 Call corrected: WP3D -> WP3Y at 10105.0 kHz (29 / 93%)
2025/12/28 17:35:29 Call corrected: XE2GRC -> W6/XE2GRC at 14058.0 kHz (3 / 60%)
2025/12/28 17:35:30 PSKReporter drop: CTY miss for DE 161OS344-# freq=3573.5 mode=FT8 (total=635)
2025/12/28 17:35:33 Uptime: 00:13   Memory MB: 286.0 / 121.1 / 0.9 (0.2%) / 0.1 / 1.2 (99.4%) / 1.2 (47.0%)
2025/12/28 17:35:33 Grid database: 261,222 TOTAL / 88%
2025/12/28 17:35:33 CTY: age 13m
2025/12/28 17:35:33 FCC ULS: 842,186 records. Last updated 12-22-2025 19:18:47
2025/12/28 17:35:33 RBN: 1489 TOTAL / 225 CW / 0 RTTY / 1149 FT8 / 115 FT4
2025/12/28 17:35:33 PSKReporter: 25,362 TOTAL / 58 CW / 0 RTTY / 24,720 FT8 / 583 FT4 / 1 MSK144
2025/12/28 17:35:33 Corrected calls: 64 (C) / 0 (U) / 206 (F) / 0 (H)
2025/12/28 17:35:33 Secondary dedup: 408,212 in / 181,893 dup / 226,319 fwd
2025/12/28 17:35:33 Telnet: 2 clients. Drops: 0 (Q) / 0 (C)
2025/12/28 17:35:33 
2025/12/28 17:35:41 Call corrected: HA5W -> HA5JI at 3516.6 kHz (58 / 98%)
2025/12/28 17:35:51 RBN drop: CTY miss for DX CY4AXI (line=DX de WC2L-#:    14074.0  CY4AXI         FT8  -19 dB          CQ      2235Z)
2025/12/28 17:36:00 PSKReporter drop: CTY miss for DE 14AC76-# freq=14075.8 mode=FT8 (total=739)
2025/12/28 17:36:02 Call corrected: WA0WJC -> WA0JJC at 14050.0 kHz (6 / 85%)
2025/12/28 17:36:13 Call corrected: YT3TYT -> YT3T at 7030.3 kHz (5 / 83%)
2025/12/28 17:36:14 Call corrected: G1XMA -> EG1XMA at 7019.4 kHz (62 / 88%)
2025/12/28 17:36:16 Call corrected: W0ON -> W0OX at 21014.1 kHz (22 / 95%)
2025/12/28 17:36:21 Call corrected: U0PIO -> IU0PIO at 7005.1 kHz (34 / 87%)
2025/12/28 17:36:33 Uptime: 00:14   Memory MB: 317.2 / 121.1 / 1.0 (0.2%) / 0.1 / 1.2 (99.5%) / 1.2 (46.2%)
2025/12/28 17:36:33 Grid database: 261,231 TOTAL / 88%
2025/12/28 17:36:33 CTY: age 14m
2025/12/28 17:36:33 FCC ULS: 842,186 records. Last updated 12-22-2025 19:18:47
2025/12/28 17:36:33 RBN: 1424 TOTAL / 210 CW / 0 RTTY / 1116 FT8 / 98 FT4
2025/12/28 17:36:33 PSKReporter: 37,204 TOTAL / 49 CW / 0 RTTY / 36,261 FT8 / 891 FT4 / 1 MSK144
2025/12/28 17:36:33 Corrected calls: 70 (C) / 0 (U) / 226 (F) / 0 (H)
2025/12/28 17:36:33 Secondary dedup: 446,844 in / 199,862 dup / 246,982 fwd
2025/12/28 17:36:33 Telnet: 2 clients. Drops: 0 (Q) / 0 (C)
2025/12/28 17:36:33 
2025/12/28 17:36:34 PSKReporter drop: CTY miss for DE 201DA155-# freq=28074.7 mode=FT8 (total=742)
2025/12/28 17:36:59 Call corrected: G1XMA -> EG1XMA at 7019.4 kHz (75 / 90%)
2025/12/28 17:37:19 PSKReporter drop: CTY miss for DE 201DA155-# freq=28074.5 mode=FT8 (total=743)
2025/12/28 17:37:33 Uptime: 00:15   Memory MB: 325.4 / 121.1 / 1.0 (0.2%) / 0.1 / 1.2 (99.5%) / 1.2 (45.1%)
2025/12/28 17:37:33 Grid database: 261,233 TOTAL / 88%
2025/12/28 17:37:33 CTY: age 15m
2025/12/28 17:37:33 FCC ULS: 842,186 records. Last updated 12-22-2025 19:18:47
2025/12/28 17:37:33 RBN: 1633 TOTAL / 218 CW / 0 RTTY / 1312 FT8 / 103 FT4
2025/12/28 17:37:33 PSKReporter: 31,792 TOTAL / 17 CW / 0 RTTY / 31,030 FT8 / 741 FT4 / 2 MSK144
2025/12/28 17:37:33 Corrected calls: 71 (C) / 0 (U) / 251 (F) / 0 (H)
2025/12/28 17:37:33 Secondary dedup: 480,279 in / 215,030 dup / 265,249 fwd
2025/12/28 17:37:33 Telnet: 2 clients. Drops: 0 (Q) / 0 (C)
2025/12/28 17:37:33 
2025/12/28 17:37:51 Call corrected: DK9BD -> DK9BDN at 1834.9 kHz (4 / 80%)
2025/12/28 17:38:05 PSKReporter drop: CTY miss for DE 20WW2-WEBRX freq=28075.4 mode=FT8 (total=744)
2025/12/28 17:38:11 Call corrected: K4HYD -> K4VOZ at 14049.0 kHz (8 / 88%)
2025/12/28 17:38:12 Call corrected: K4HYD -> K4VOZ at 14049.0 kHz (8 / 88%)
2025/12/28 17:38:13 Call corrected: K4HYD -> K4VOZ at 14049.0 kHz (9 / 90%)
2025/12/28 17:38:13 Call corrected: K4HYD -> K4VOZ at 14049.0 kHz (10 / 90%)
2025/12/28 17:38:14 Call corrected: K4HYD -> K4VOZ at 14049.0 kHz (11 / 91%)
2025/12/28 17:38:14 Call corrected: K4HYD -> K4VOZ at 14049.0 kHz (12 / 92%)
2025/12/28 17:38:16 Call corrected: K4HYD -> K4VOZ at 14049.0 kHz (13 / 92%)
2025/12/28 17:38:16 Call corrected: K4HYD -> K4VOZ at 14049.0 kHz (13 / 92%)
2025/12/28 17:38:17 Call corrected: K4HYD -> K4VOZ at 14049.0 kHz (14 / 93%)
2025/12/28 17:38:17 Call corrected: K4HYD -> K4VOZ at 14049.0 kHz (15 / 93%)
2025/12/28 17:38:18 Call corrected: K4HYD -> K4VOZ at 14049.0 kHz (16 / 94%)
2025/12/28 17:38:19 Call corrected: K4HYD -> K4VOZ at 14049.0 kHz (17 / 94%)
2025/12/28 17:38:19 Call corrected: K4HYD -> K4VOZ at 14049.0 kHz (18 / 94%)
2025/12/28 17:38:19 Call corrected: K4HYD -> K4VOZ at 14049.0 kHz (19 / 95%)
2025/12/28 17:38:20 Call corrected: K4HYD -> K4VOZ at 14049.0 kHz (20 / 95%)
2025/12/28 17:38:28 Call corrected: K4HYD -> K4VOZ at 14049.0 kHz (21 / 95%)
2025/12/28 17:38:31 Call corrected: K4HYD -> K4VOZ at 14049.0 kHz (21 / 95%)
2025/12/28 17:38:33 Call corrected: K4HYD -> K4VOZ at 14049.0 kHz (22 / 95%)
2025/12/28 17:38:33 Uptime: 00:16   Memory MB: 321.9 / 121.1 / 1.0 (0.2%) / 0.1 / 1.3 (99.5%) / 1.2 (44.4%)
2025/12/28 17:38:33 Grid database: 261,240 TOTAL / 88%
2025/12/28 17:38:33 CTY: age 16m
2025/12/28 17:38:33 FCC ULS: 842,186 records. Last updated 12-22-2025 19:18:47
2025/12/28 17:38:33 RBN: 1590 TOTAL / 294 CW / 0 RTTY / 1159 FT8 / 137 FT4
2025/12/28 17:38:33 PSKReporter: 28,782 TOTAL / 64 CW / 0 RTTY / 28,216 FT8 / 501 FT4 / 1 MSK144
2025/12/28 17:38:33 Corrected calls: 90 (C) / 0 (U) / 268 (F) / 0 (H)
2025/12/28 17:38:33 Secondary dedup: 510,653 in / 228,790 dup / 281,863 fwd
2025/12/28 17:38:33 Telnet: 2 clients. Drops: 0 (Q) / 0 (C)
2025/12/28 17:38:33 
2025/12/28 17:38:35 Call corrected: K4HYD -> K4VOZ at 14049.0 kHz (23 / 95%)
2025/12/28 17:38:35 Call corrected: AK5SJC -> K5SJC at 14034.0 kHz (8 / 66%)
2025/12/28 17:38:36 Call corrected: N2JE -> N2JPR at 7026.8 kHz (7 / 87%)
2025/12/28 17:38:36 Call corrected: K4HYD -> K4VOZ at 14049.1 kHz (20 / 95%)
2025/12/28 17:38:37 Call corrected: K4HYD -> K4VOZ at 14049.0 kHz (24 / 96%)
2025/12/28 17:38:47 Call corrected: AK5SJC -> K5SJC at 14034.0 kHz (9 / 69%)
2025/12/28 17:38:50 Call corrected: K4HYD -> K4VOZ at 14049.0 kHz (25 / 96%)
2025/12/28 17:38:51 Call corrected: K4HYD -> K4VOZ at 14049.0 kHz (26 / 96%)
2025/12/28 17:38:51 Call corrected: KC1ML -> KC1UML at 7034.0 kHz (28 / 93%)
2025/12/28 17:38:57 Call corrected: N1MXT -> N1MX at 7006.0 kHz (50 / 89%)
2025/12/28 17:39:22 PSKReporter drop: CTY miss for DE 22DX-# freq=3576.0 mode=FT8 (total=746)
2025/12/28 17:39:32 Call corrected: N4HWW -> N4HAY at 7039.0 kHz (4 / 80%)
2025/12/28 17:39:33 Uptime: 00:17   Memory MB: 316.2 / 121.1 / 1.0 (0.2%) / 0.1 / 1.3 (99.6%) / 1.2 (44.7%)
2025/12/28 17:39:33 Grid database: 261,245 TOTAL / 88%
2025/12/28 17:39:33 CTY: age 17m
2025/12/28 17:39:33 FCC ULS: 842,186 records. Last updated 12-22-2025 19:18:47
2025/12/28 17:39:33 RBN: 1563 TOTAL / 249 CW / 0 RTTY / 1211 FT8 / 103 FT4
2025/12/28 17:39:33 PSKReporter: 29,698 TOTAL / 51 CW / 0 RTTY / 28,979 FT8 / 663 FT4 / 2 MSK144
2025/12/28 17:39:33 Corrected calls: 101 (C) / 0 (U) / 285 (F) / 0 (H)
2025/12/28 17:39:33 Secondary dedup: 541,915 in / 243,436 dup / 298,479 fwd
2025/12/28 17:39:33 Telnet: 2 clients. Drops: 0 (Q) / 0 (C)
2025/12/28 17:39:33 
2025/12/28 17:39:40 Call corrected: N4HWW -> N4HAY at 7039.0 kHz (7 / 87%)
2025/12/28 17:39:43 Call corrected: N4HWW -> N4HAY at 7039.0 kHz (8 / 88%)
2025/12/28 17:39:43 Call corrected: N4HWW -> N4HAY at 7039.1 kHz (9 / 90%)
2025/12/28 17:39:45 Call corrected: N4HWW -> N4HAY at 7039.0 kHz (10 / 90%)
2025/12/28 17:39:48 Call corrected: HA5J -> HA5JI at 3516.6 kHz (25 / 96%)
2025/12/28 17:39:55 Call corrected: BG2TO -> BG2TOS at 7023.0 kHz (5 / 100%)
2025/12/28 17:39:56 RBN drop: CTY miss for DX 0366QRYJMXJ (line=DX de YO2KAR-#:  21090.0  0366QRYJMXJ    FT8  -25 dB          CQ      2239Z)
2025/12/28 17:40:09 RBN drop: CTY miss for DX 1F0UZS (line=DX de SP5GQ-#:    7074.0  1F0UZS         FT8  -17 dB          CQ      2240Z)
2025/12/28 17:40:12 Call corrected: W6CPY -> W6YPY at 14080.0 kHz (3 / 75%)
2025/12/28 17:40:21 Call corrected: N4HWW -> N4HAY at 7039.0 kHz (11 / 91%)
2025/12/28 17:40:26 Call corrected: RN6LA -> RN6LRI at 3528.0 kHz (14 / 93%)
2025/12/28 17:40:28 PSKReporter drop: CTY miss for DE 161OS344-# freq=7075.4 mode=FT8 (total=882)
2025/12/28 17:40:33 Uptime: 00:18   Memory MB: 228.0 / 121.1 / 0.7 (0.2%) / 0.1 / 1.3 (99.6%) / 1.2 (45.0%)
2025/12/28 17:40:33 Grid database: 261,248 TOTAL / 88%
2025/12/28 17:40:33 CTY: age 18m
2025/12/28 17:40:33 FCC ULS: 842,186 records. Last updated 12-22-2025 19:18:47
2025/12/28 17:40:33 RBN: 1556 TOTAL / 181 CW / 0 RTTY / 1223 FT8 / 152 FT4
2025/12/28 17:40:33 PSKReporter: 13,665 TOTAL / 22 CW / 0 RTTY / 13,350 FT8 / 292 FT4 / 0 MSK144
2025/12/28 17:40:33 Corrected calls: 110 (C) / 0 (U) / 296 (F) / 0 (H)
2025/12/28 17:40:33 Secondary dedup: 557,136 in / 249,516 dup / 307,620 fwd
2025/12/28 17:40:33 Telnet: 2 clients. Drops: 0 (Q) / 0 (C)
2025/12/28 17:40:33 
2025/12/28 17:40:46 Call corrected: AA0R -> AA0RQ at 14036.0 kHz (9 / 90%)
2025/12/28 17:40:47 Call corrected: AA0R -> AA0RQ at 14035.9 kHz (10 / 90%)
2025/12/28 17:40:47 Call corrected: AA0R -> AA0RQ at 14036.0 kHz (10 / 90%)
2025/12/28 17:40:47 Call corrected: AA0R -> AA0RQ at 14036.0 kHz (10 / 90%)
2025/12/28 17:40:48 Call corrected: K4HYD -> K4VOZ at 14049.0 kHz (23 / 100%)
2025/12/28 17:40:48 Call corrected: AA0R -> AA0RQ at 14036.1 kHz (10 / 90%)
2025/12/28 17:40:50 Call corrected: K4HYD -> K4VOZ at 14049.0 kHz (23 / 95%)
2025/12/28 17:40:53 Call corrected: AA0R -> AA0RQ at 14036.0 kHz (11 / 91%)
2025/12/28 17:40:57 Call corrected: K4HYD -> K4VOZ at 14049.0 kHz (23 / 95%)
2025/12/28 17:41:00 Call corrected: N4HWW -> N4HAY at 7039.0 kHz (12 / 92%)
2025/12/28 17:41:00 Call corrected: K4HYD -> K4VOZ at 14049.0 kHz (24 / 96%)
2025/12/28 17:41:02 Call corrected: W1OX -> W0OX at 21014.1 kHz (14 / 100%)
2025/12/28 17:41:04 Call corrected: N4HWW -> N4HAY at 7039.0 kHz (14 / 93%)
2025/12/28 17:41:07 Call corrected: N4HWW -> N4HAY at 7039.0 kHz (14 / 93%)
2025/12/28 17:41:09 Call corrected: K4HYD -> K4VOZ at 14049.0 kHz (24 / 96%)
2025/12/28 17:41:09 Call corrected: W6CPY -> W6YPY at 14080.0 kHz (4 / 80%)
2025/12/28 17:41:12 PSKReporter drop: CTY miss for DE ZE185-# freq=5358.3 mode=FT8 (total=920)
2025/12/28 17:41:20 Call corrected: AA0AQ -> AA0RQ at 14036.0 kHz (14 / 93%)
2025/12/28 17:41:31 Call corrected: DL1DA -> DL1DAW at 7012.0 kHz (28 / 75%)
2025/12/28 17:41:33 Uptime: 00:19   Memory MB: 301.0 / 121.1 / 1.0 (0.2%) / 0.1 / 1.3 (99.6%) / 1.2 (43.4%)
2025/12/28 17:41:33 Grid database: 261,255 TOTAL / 88%
2025/12/28 17:41:33 CTY: age 19m
2025/12/28 17:41:33 FCC ULS: 842,186 records. Last updated 12-22-2025 19:18:47
2025/12/28 17:41:33 RBN: 1537 TOTAL / 262 CW / 0 RTTY / 1135 FT8 / 140 FT4
2025/12/28 17:41:33 PSKReporter: 44,684 TOTAL / 56 CW / 0 RTTY / 43,532 FT8 / 1,096 FT4 / 0 MSK144
2025/12/28 17:41:33 Corrected calls: 128 (C) / 0 (U) / 317 (F) / 0 (H)
2025/12/28 17:41:33 Secondary dedup: 603,363 in / 271,398 dup / 331,965 fwd
2025/12/28 17:41:33 Telnet: 2 clients. Drops: 0 (Q) / 0 (C)
2025/12/28 17:41:33 
2025/12/28 17:41:34 Call corrected: DL1DA -> DL1DAW at 7012.0 kHz (30 / 76%)
2025/12/28 17:41:44 Call corrected: K4HYD -> K4VOZ at 14049.0 kHz (25 / 100%)
2025/12/28 17:41:47 Call corrected: K4HYD -> K4VOZ at 14049.0 kHz (25 / 100%)
2025/12/28 17:41:55 Call corrected: AA0RG -> AA0RQ at 14036.1 kHz (15 / 93%)
2025/12/28 17:42:03 Call corrected: W6CPY -> W6YPY at 14080.0 kHz (4 / 80%)
2025/12/28 17:42:13 Call corrected: IU3U -> IU3ULV at 3545.0 kHz (48 / 97%)
2025/12/28 17:42:14 Call corrected: RN6L -> RN6LRI at 3528.0 kHz (15 / 93%)
2025/12/28 17:42:29 Call corrected: W6CPY -> W6YPY at 14080.0 kHz (5 / 83%)
2025/12/28 17:42:33 Uptime: 00:20   Memory MB: 288.3 / 121.1 / 1.0 (0.2%) / 0.1 / 1.3 (99.6%) / 1.2 (43.0%)
2025/12/28 17:42:33 Grid database: 261,262 TOTAL / 88%
2025/12/28 17:42:33 CTY: age 20m
2025/12/28 17:42:33 FCC ULS: 842,186 records. Last updated 12-22-2025 19:18:47
2025/12/28 17:42:33 RBN: 1417 TOTAL / 218 CW / 0 RTTY / 1123 FT8 / 76 FT4
2025/12/28 17:42:33 PSKReporter: 28,354 TOTAL / 45 CW / 0 RTTY / 27,624 FT8 / 685 FT4 / 0 MSK144
2025/12/28 17:42:33 Corrected calls: 136 (C) / 0 (U) / 333 (F) / 0 (H)
2025/12/28 17:42:33 Secondary dedup: 633,138 in / 285,151 dup / 347,987 fwd
2025/12/28 17:42:33 Telnet: 2 clients. Drops: 0 (Q) / 0 (C)
2025/12/28 17:42:33 
2025/12/28 17:42:50 PSKReporter drop: CTY miss for DE 13RF7373-# freq=7077.0 mode=FT8 (total=934)
2025/12/28 17:43:04 Call corrected: YT3TYT -> YT3T at 7030.3 kHz (11 / 91%)
2025/12/28 17:43:09 Call corrected: W6CPY -> W6YPY at 14080.0 kHz (5 / 83%)
2025/12/28 17:43:25 PSKReporter drop: CTY miss for DE 201DA155-# freq=28074.5 mode=FT8 (total=979)
2025/12/28 17:43:33 Uptime: 00:21   Memory MB: 287.7 / 121.1 / 1.0 (0.2%) / 0.1 / 1.3 (99.6%) / 1.2 (42.8%)
2025/12/28 17:43:33 Grid database: 261,269 TOTAL / 88%
2025/12/28 17:43:33 CTY: age 21m
2025/12/28 17:43:33 FCC ULS: 842,186 records. Last updated 12-22-2025 19:18:47
2025/12/28 17:43:33 RBN: 1612 TOTAL / 144 CW / 0 RTTY / 1343 FT8 / 125 FT4
2025/12/28 17:43:33 PSKReporter: 31,480 TOTAL / 9 CW / 0 RTTY / 30,685 FT8 / 785 FT4 / 0 MSK144
2025/12/28 17:43:33 Corrected calls: 138 (C) / 0 (U) / 350 (F) / 0 (H)
2025/12/28 17:43:33 Secondary dedup: 666,233 in / 300,287 dup / 365,946 fwd
2025/12/28 17:43:33 Telnet: 2 clients. Drops: 0 (Q) / 0 (C)
2025/12/28 17:43:33 
2025/12/28 17:43:51 Call corrected: N4HWW -> N4HAY at 7039.0 kHz (15 / 93%)
2025/12/28 17:43:51 Call corrected: AA0R -> AA0RQ at 14036.0 kHz (15 / 88%)
2025/12/28 17:44:12 Call corrected: K4HYD -> K4VOZ at 14049.0 kHz (1 / 33%)
2025/12/28 17:44:14 Call corrected: K4HYD -> K4VOZ at 14049.0 kHz (2 / 50%)
2025/12/28 17:44:18 PSKReporter drop: CTY miss for DE 13RF029-# freq=14075.0 mode=FT8 (total=980)
2025/12/28 17:44:22 Call corrected: W6CPY -> W6YPY at 14080.0 kHz (3 / 75%)
2025/12/28 17:44:23 Call corrected: K6ETR -> K6STR at 14064.0 kHz (10 / 90%)
2025/12/28 17:44:33 Uptime: 00:22   Memory MB: 291.9 / 121.1 / 1.1 (0.2%) / 0.1 / 1.3 (99.6%) / 1.2 (43.6%)
2025/12/28 17:44:33 Grid database: 261,276 TOTAL / 88%
2025/12/28 17:44:33 CTY: age 22m
2025/12/28 17:44:33 FCC ULS: 842,186 records. Last updated 12-22-2025 19:18:47
2025/12/28 17:44:33 RBN: 1396 TOTAL / 204 CW / 0 RTTY / 1056 FT8 / 136 FT4
2025/12/28 17:44:33 PSKReporter: 31,980 TOTAL / 69 CW / 0 RTTY / 31,145 FT8 / 766 FT4 / 0 MSK144
2025/12/28 17:44:33 Corrected calls: 144 (C) / 0 (U) / 382 (F) / 0 (H)
2025/12/28 17:44:33 Secondary dedup: 699,610 in / 315,968 dup / 383,642 fwd
2025/12/28 17:44:33 Telnet: 2 clients. Drops: 0 (Q) / 0 (C)
2025/12/28 17:44:33 
2025/12/28 17:44:35 Call corrected: EG1TMA -> EG1XMA at 7019.4 kHz (51 / 92%)
2025/12/28 17:44:44 Call corrected: M1XG -> W1XG at 21015.0 kHz (29 / 100%)
2025/12/28 17:44:45 RBN drop: CTY miss for DX 737MWH (line=DX de K1RA-#:    14080.0  737MWH         FT4  -17 dB          CQ      2244Z)
2025/12/28 17:44:57 PSKReporter drop: CTY miss for DE 161OS344-# freq=7076.6 mode=FT8 (total=1107)
2025/12/28 17:45:33 Uptime: 00:23   Memory MB: 246.3 / 121.1 / 0.9 (0.2%) / 0.1 / 1.3 (99.7%) / 1.2 (43.6%)
2025/12/28 17:45:33 Grid database: 261,280 TOTAL / 88%
2025/12/28 17:45:33 CTY: age 23m
2025/12/28 17:45:33 FCC ULS: 842,186 records. Last updated 12-22-2025 19:18:47
2025/12/28 17:45:33 RBN: 1436 TOTAL / 184 CW / 0 RTTY / 1119 FT8 / 133 FT4
2025/12/28 17:45:33 PSKReporter: 22,707 TOTAL / 18 CW / 0 RTTY / 22,039 FT8 / 648 FT4 / 0 MSK144
2025/12/28 17:45:33 Corrected calls: 146 (C) / 0 (U) / 395 (F) / 0 (H)
2025/12/28 17:45:33 Secondary dedup: 723,756 in / 327,151 dup / 396,605 fwd
2025/12/28 17:45:33 Telnet: 2 clients. Drops: 0 (Q) / 0 (C)
2025/12/28 17:45:33 
2025/12/28 17:45:38 PSKReporter drop: CTY miss for DE ZE185-# freq=5358.4 mode=FT8 (total=1343)
2025/12/28 17:45:38 Call corrected: W6CP -> W6YPY at 14080.1 kHz (4 / 80%)
2025/12/28 17:45:38 Call corrected: W6CPY -> W6YPY at 14080.1 kHz (4 / 80%)
2025/12/28 17:45:53 Call corrected: N4HWW -> N4HAY at 7039.0 kHz (10 / 90%)
2025/12/28 17:46:07 Call corrected: AA0AQ -> AA0RQ at 14036.0 kHz (4 / 50%)
2025/12/28 17:46:15 Call corrected: DU3AEA -> DU3LA at 10108.0 kHz (13 / 92%)
2025/12/28 17:46:33 Uptime: 00:24   Memory MB: 249.0 / 121.1 / 1.0 (0.2%) / 0.1 / 1.3 (99.7%) / 1.2 (44.7%)
2025/12/28 17:46:33 Grid database: 261,289 TOTAL / 88%
2025/12/28 17:46:33 CTY: age 24m
2025/12/28 17:46:33 FCC ULS: 842,186 records. Last updated 12-22-2025 19:18:47
2025/12/28 17:46:33 RBN: 1657 TOTAL / 242 CW / 0 RTTY / 1314 FT8 / 101 FT4
2025/12/28 17:46:33 PSKReporter: 30,597 TOTAL / 60 CW / 0 RTTY / 29,520 FT8 / 1,015 FT4 / 0 MSK144
2025/12/28 17:46:33 Corrected calls: 151 (C) / 0 (U) / 428 (F) / 0 (H)
2025/12/28 17:46:33 Secondary dedup: 756,014 in / 341,992 dup / 414,022 fwd
2025/12/28 17:46:33 Telnet: 2 clients. Drops: 0 (Q) / 0 (C)
2025/12/28 17:46:33 
2025/12/28 17:46:42 PSKReporter drop: CTY miss for DE CHM-10 freq=144174.7 mode=FT8 (total=1353)
2025/12/28 17:46:55 Call corrected: W6CPY -> W6YPY at 14080.0 kHz (4 / 80%)
2025/12/28 17:47:05 Call corrected: K4HYD -> K4VOZ at 14049.0 kHz (1 / 20%)
2025/12/28 17:47:06 Call corrected: WP3YW -> WP3Y at 10105.0 kHz (28 / 96%)
2025/12/28 17:47:09 Call corrected: K4HYD -> K4VOZ at 14049.1 kHz (2 / 33%)
2025/12/28 17:47:17 Call corrected: K4HYD -> K4VOZ at 14049.0 kHz (3 / 50%)
2025/12/28 17:47:33 Uptime: 00:25   Memory MB: 239.5 / 121.1 / 1.0 (0.2%) / 0.1 / 1.3 (99.7%) / 1.2 (44.5%)
2025/12/28 17:47:33 Grid database: 261,292 TOTAL / 88%
2025/12/28 17:47:33 CTY: age 25m
2025/12/28 17:47:33 FCC ULS: 842,186 records. Last updated 12-22-2025 19:18:47
2025/12/28 17:47:33 RBN: 1668 TOTAL / 319 CW / 0 RTTY / 1213 FT8 / 136 FT4
2025/12/28 17:47:33 PSKReporter: 28,329 TOTAL / 17 CW / 0 RTTY / 27,391 FT8 / 920 FT4 / 0 MSK144
2025/12/28 17:47:33 Corrected calls: 156 (C) / 0 (U) / 455 (F) / 0 (H)
2025/12/28 17:47:33 Secondary dedup: 786,020 in / 356,185 dup / 429,835 fwd
2025/12/28 17:47:33 Telnet: 2 clients. Drops: 0 (Q) / 0 (C)
2025/12/28 17:47:33 
2025/12/28 17:48:04 PSKReporter drop: CTY miss for DE 201DA155-# freq=28074.6 mode=FT8 (total=1407)
2025/12/28 17:48:30 Call corrected: TM0PIO -> IU0PIO at 7005.1 kHz (11 / 91%)
2025/12/28 17:48:33 Uptime: 00:26   Memory MB: 224.2 / 121.1 / 0.9 (0.2%) / 0.1 / 1.4 (99.7%) / 1.2 (44.8%)
2025/12/28 17:48:33 Grid database: 261,298 TOTAL / 88%
2025/12/28 17:48:33 CTY: age 26m
2025/12/28 17:48:33 FCC ULS: 842,186 records. Last updated 12-22-2025 19:18:47
2025/12/28 17:48:33 RBN: 1729 TOTAL / 301 CW / 0 RTTY / 1273 FT8 / 155 FT4
2025/12/28 17:48:33 PSKReporter: 26,686 TOTAL / 12 CW / 0 RTTY / 25,569 FT8 / 1,103 FT4 / 1 MSK144
2025/12/28 17:48:33 Corrected calls: 157 (C) / 0 (U) / 478 (F) / 0 (H)
2025/12/28 17:48:33 Secondary dedup: 814,440 in / 369,115 dup / 445,325 fwd
2025/12/28 17:48:33 Telnet: 2 clients. Drops: 0 (Q) / 0 (C)
2025/12/28 17:48:33 
2025/12/28 17:48:38 Call corrected: K4HYD -> K4VOZ at 14049.1 kHz (3 / 75%)
2025/12/28 17:48:41 Call corrected: DL1DSW -> DL1DAW at 7012.0 kHz (16 / 76%)
2025/12/28 17:48:50 Call corrected: YT3TYT -> YT3T at 7030.3 kHz (13 / 92%)
2025/12/28 17:49:12 PSKReporter drop: CTY miss for DE 13RF029-# freq=14074.7 mode=FT8 (total=1408)
2025/12/28 17:49:13 Call corrected: N8WM -> N8PW at 10106.5 kHz (30 / 96%)
2025/12/28 17:49:19 Call corrected: K4HYD -> K4VOZ at 14049.0 kHz (4 / 80%)
2025/12/28 17:49:19 Call corrected: K4HYD -> K4VOZ at 14049.0 kHz (5 / 83%)
2025/12/28 17:49:19 Call corrected: K4HYD -> K4VOZ at 14049.0 kHz (6 / 85%)
2025/12/28 17:49:20 Call corrected: K4HYD -> K4VOZ at 14049.0 kHz (7 / 87%)
2025/12/28 17:49:20 Call corrected: K4HYD -> K4VOZ at 14049.0 kHz (8 / 88%)
2025/12/28 17:49:20 Call corrected: K4HYD -> K4VOZ at 14049.0 kHz (9 / 90%)
2025/12/28 17:49:21 Call corrected: K4HYD -> K4VOZ at 14049.0 kHz (10 / 90%)
2025/12/28 17:49:24 Call corrected: K4HYD -> K4VOZ at 14049.0 kHz (11 / 91%)
2025/12/28 17:49:24 Call corrected: K4HYD -> K4VOZ at 14049.0 kHz (12 / 92%)
2025/12/28 17:49:25 Call corrected: K4HYD -> K4VOZ at 14049.0 kHz (13 / 92%)
2025/12/28 17:49:26 Call corrected: K4HYD -> K4VOZ at 14049.0 kHz (14 / 93%)
2025/12/28 17:49:27 Call corrected: K4HYD -> K4VOZ at 14049.0 kHz (15 / 93%)
2025/12/28 17:49:28 Call corrected: K4HYD -> K4VOZ at 14049.0 kHz (16 / 94%)
2025/12/28 17:49:28 Call corrected: G1XMA -> EG1XMA at 7019.4 kHz (50 / 92%)
2025/12/28 17:49:29 Call corrected: K4HYD -> K4VOZ at 14049.0 kHz (17 / 94%)
2025/12/28 17:49:33 Uptime: 00:27   Memory MB: 237.8 / 121.1 / 1.0 (0.2%) / 0.1 / 1.4 (99.7%) / 1.2 (45.0%)
2025/12/28 17:49:33 Grid database: 261,302 TOTAL / 88%
2025/12/28 17:49:33 CTY: age 27m
2025/12/28 17:49:33 FCC ULS: 842,186 records. Last updated 12-22-2025 19:18:47
2025/12/28 17:49:33 RBN: 1659 TOTAL / 312 CW / 0 RTTY / 1237 FT8 / 110 FT4
2025/12/28 17:49:33 PSKReporter: 31,255 TOTAL / 32 CW / 0 RTTY / 30,541 FT8 / 678 FT4 / 2 MSK144
2025/12/28 17:49:33 Corrected calls: 176 (C) / 0 (U) / 500 (F) / 0 (H)
2025/12/28 17:49:33 Secondary dedup: 847,359 in / 384,045 dup / 463,314 fwd
2025/12/28 17:49:33 Telnet: 2 clients. Drops: 0 (Q) / 0 (C)
2025/12/28 17:49:33 
2025/12/28 17:49:38 Call corrected: K4HYD -> K4VOZ at 14049.0 kHz (18 / 94%)
2025/12/28 17:49:38 Call corrected: K4HYD -> K4VOZ at 14049.0 kHz (19 / 95%)
2025/12/28 17:49:40 Call corrected: K4HYD -> K4VOZ at 14049.1 kHz (20 / 95%)
2025/12/28 17:49:40 RBN drop: CTY miss for DX 190DHB38KPP (line=DX de NG7M-#:    10136.0  190DHB38KPP    FT8   -3 dB          CQ      2249Z)
2025/12/28 17:49:43 Call corrected: K4HYD -> K4VOZ at 14049.0 kHz (21 / 95%)
2025/12/28 17:49:44 Call corrected: K4HYD -> K4VOZ at 14049.0 kHz (22 / 95%)
2025/12/28 17:49:48 PSKReporter drop: CTY miss for DE 161OS344-# freq=7076.1 mode=FT8 (total=1435)
2025/12/28 17:49:59 Call corrected: IA0PIO -> IU0PIO at 7005.1 kHz (8 / 88%)
2025/12/28 17:50:01 Call corrected: W6CPY -> W6YPY at 14080.0 kHz (4 / 80%)
2025/12/28 17:50:10 Call corrected: YT3TYT -> YT3T at 7030.3 kHz (35 / 97%)
2025/12/28 17:50:11 Call corrected: A5JI -> HA5JI at 3516.6 kHz (55 / 98%)
2025/12/28 17:50:33 Uptime: 00:28   Memory MB: 214.5 / 121.1 / 1.0 (0.2%) / 0.1 / 1.4 (99.7%) / 1.2 (45.7%)
2025/12/28 17:50:33 Grid database: 261,307 TOTAL / 88%
2025/12/28 17:50:33 CTY: age 28m
2025/12/28 17:50:33 FCC ULS: 842,186 records. Last updated 12-22-2025 19:18:47
2025/12/28 17:50:33 RBN: 1475 TOTAL / 209 CW / 0 RTTY / 1169 FT8 / 97 FT4
2025/12/28 17:50:33 PSKReporter: 26,342 TOTAL / 74 CW / 0 RTTY / 25,637 FT8 / 631 FT4 / 0 MSK144
2025/12/28 17:50:33 Corrected calls: 185 (C) / 0 (U) / 536 (F) / 0 (H)
2025/12/28 17:50:33 Secondary dedup: 875,179 in / 397,150 dup / 478,029 fwd
2025/12/28 17:50:33 Telnet: 2 clients. Drops: 0 (Q) / 0 (C)
2025/12/28 17:50:33 
2025/12/28 17:50:34 PSKReporter drop: CTY miss for DE 201DA155-# freq=28074.5 mode=FT8 (total=1558)
2025/12/28 17:50:53 Call corrected: K4HYD -> K4VOZ at 14049.0 kHz (22 / 95%)
2025/12/28 17:50:55 Call corrected: K4HYD -> K4VOZ at 14049.0 kHz (23 / 95%)
2025/12/28 17:51:31 Call corrected: K4HYD -> K4VOZ at 14049.0 kHz (24 / 88%)
2025/12/28 17:51:33 Uptime: 00:29   Memory MB: 337.2 / 121.1 / 0.7 (0.2%) / 0.1 / 1.4 (99.7%) / 1.2 (45.6%)
2025/12/28 17:51:33 Grid database: 261,312 TOTAL / 88%
2025/12/28 17:51:33 CTY: age 29m
2025/12/28 17:51:33 FCC ULS: 842,186 records. Last updated 12-22-2025 19:18:47
2025/12/28 17:51:33 RBN: 1657 TOTAL / 282 CW / 0 RTTY / 1255 FT8 / 120 FT4
2025/12/28 17:51:33 PSKReporter: 17,618 TOTAL / 41 CW / 0 RTTY / 17,159 FT8 / 418 FT4 / 0 MSK144
2025/12/28 17:51:33 Corrected calls: 188 (C) / 0 (U) / 583 (F) / 0 (H)
2025/12/28 17:51:33 Secondary dedup: 894,462 in / 405,240 dup / 489,222 fwd
2025/12/28 17:51:33 Telnet: 2 clients. Drops: 0 (Q) / 0 (C)
2025/12/28 17:51:33 
2025/12/28 17:51:45 Call corrected: HA5JHA -> HA5JI at 7014.8 kHz (99 / 99%)
2025/12/28 17:51:46 Call corrected: K4HYD -> K4VOZ at 14049.0 kHz (25 / 89%)
2025/12/28 17:51:51 PSKReporter drop: CTY miss for DE 13RF7373-# freq=7075.9 mode=FT8 (total=1622)
2025/12/28 17:51:52 Call corrected: DL1DSW -> DL1DAW at 7012.0 kHz (40 / 88%)
2025/12/28 17:52:33 Uptime: 00:30   Memory MB: 365.5 / 121.1 / 1.0 (0.2%) / 0.1 / 1.4 (99.7%) / 1.2 (46.0%)
2025/12/28 17:52:33 Grid database: 261,318 TOTAL / 88%
2025/12/28 17:52:33 CTY: age 30m
2025/12/28 17:52:33 FCC ULS: 842,186 records. Last updated 12-22-2025 19:18:47
2025/12/28 17:52:33 RBN: 1351 TOTAL / 164 CW / 0 RTTY / 1086 FT8 / 101 FT4
2025/12/28 17:52:33 PSKReporter: 37,857 TOTAL / 64 CW / 0 RTTY / 36,911 FT8 / 881 FT4 / 0 MSK144
2025/12/28 17:52:33 Corrected calls: 191 (C) / 0 (U) / 611 (F) / 0 (H)
2025/12/28 17:52:33 Secondary dedup: 933,674 in / 424,333 dup / 509,341 fwd
2025/12/28 17:52:33 Telnet: 2 clients. Drops: 0 (Q) / 0 (C)
2025/12/28 17:52:33 
2025/12/28 17:52:38 PSKReporter drop: CTY miss for DE CHM-10 freq=144175.7 mode=FT8 (total=1669)
2025/12/28 17:52:39 RBN drop: CTY miss for DX 70L8AJMHIXG (line=DX de YO2KAR-#:  21070.0  70L8AJMHIXG    FT8  -25 dB          CQ      2252Z)
2025/12/28 17:52:42 Call corrected: K4HYD -> K4VOZ at 14049.0 kHz (26 / 89%)
2025/12/28 17:53:12 Call corrected: A4ANV -> UA4ANV at 7001.0 kHz (5 / 83%)
2025/12/28 17:53:14 Call corrected: W6CPY -> W6YPY at 14080.0 kHz (3 / 75%)
2025/12/28 17:53:19 Call corrected: N4ES -> KP4ES at 14022.0 kHz (6 / 85%)
2025/12/28 17:53:22 Call corrected: MJ0PKS -> JJ0PKS at 24907.0 kHz (16 / 94%)
2025/12/28 17:53:23 Call corrected: W6K -> W6YPY at 14080.0 kHz (4 / 80%)
2025/12/28 17:53:33 Uptime: 00:31   Memory MB: 339.4 / 121.1 / 1.0 (0.2%) / 0.1 / 1.4 (99.7%) / 1.2 (45.9%)
2025/12/28 17:53:33 Grid database: 261,322 TOTAL / 88%
2025/12/28 17:53:33 CTY: age 31m
2025/12/28 17:53:33 FCC ULS: 842,186 records. Last updated 12-22-2025 19:18:47
2025/12/28 17:53:33 RBN: 1522 TOTAL / 129 CW / 0 RTTY / 1275 FT8 / 118 FT4
2025/12/28 17:53:33 PSKReporter: 27,337 TOTAL / 36 CW / 0 RTTY / 26,578 FT8 / 723 FT4 / 0 MSK144
2025/12/28 17:53:33 Corrected calls: 197 (C) / 0 (U) / 624 (F) / 0 (H)
2025/12/28 17:53:33 Secondary dedup: 962,540 in / 438,134 dup / 524,406 fwd
2025/12/28 17:53:33 Telnet: 2 clients. Drops: 0 (Q) / 0 (C)
2025/12/28 17:53:33 
2025/12/28 17:53:50 PSKReporter drop: CTY miss for DE 201DA155-# freq=28074.5 mode=FT8 (total=1672)
2025/12/28 17:54:05 Call corrected: N1MT -> N1MX at 7006.0 kHz (50 / 94%)
2025/12/28 17:54:33 Uptime: 00:32   Memory MB: 332.3 / 121.1 / 1.0 (0.2%) / 0.1 / 1.4 (99.7%) / 1.2 (45.9%)
2025/12/28 17:54:33 Grid database: 261,330 TOTAL / 88%
2025/12/28 17:54:33 CTY: age 32m
2025/12/28 17:54:33 FCC ULS: 842,186 records. Last updated 12-22-2025 19:18:47
2025/12/28 17:54:33 RBN: 1426 TOTAL / 168 CW / 4 RTTY / 1147 FT8 / 107 FT4
2025/12/28 17:54:33 PSKReporter: 30,633 TOTAL / 18 CW / 0 RTTY / 29,994 FT8 / 621 FT4 / 0 MSK144
2025/12/28 17:54:33 Corrected calls: 198 (C) / 0 (U) / 645 (F) / 0 (H)
2025/12/28 17:54:33 Secondary dedup: 994,602 in / 453,013 dup / 541,589 fwd
2025/12/28 17:54:33 Telnet: 2 clients. Drops: 0 (Q) / 0 (C)
2025/12/28 17:54:33 
2025/12/28 17:54:34 Call corrected: G1XMA -> EG1XMA at 7019.4 kHz (53 / 98%)
2025/12/28 17:54:36 Call corrected: G1XMA -> EG1XMA at 7019.4 kHz (54 / 98%)
2025/12/28 17:54:49 Call corrected: K4HYD -> K4VOZ at 14049.0 kHz (23 / 88%)
2025/12/28 17:54:51 PSKReporter drop: CTY miss for DE 201DA155-# freq=28074.5 mode=FT8 (total=1679)
2025/12/28 17:54:57 Call corrected: W6CPY -> W6YPY at 14080.0 kHz (2 / 66%)
2025/12/28 17:54:57 Call corrected: W6CPY -> W6YPY at 14080.1 kHz (3 / 75%)
2025/12/28 17:55:29 PSKReporter drop: CTY miss for DE ZE185-# freq=5357.9 mode=FT8 (total=1793)
2025/12/28 17:55:33 Uptime: 00:33   Memory MB: 299.8 / 121.1 / 0.9 (0.2%) / 0.1 / 1.4 (99.7%) / 1.2 (45.8%)
2025/12/28 17:55:33 Grid database: 261,337 TOTAL / 88%
2025/12/28 17:55:33 CTY: age 33m
2025/12/28 17:55:33 FCC ULS: 842,186 records. Last updated 12-22-2025 19:18:47
2025/12/28 17:55:33 RBN: 1361 TOTAL / 152 CW / 0 RTTY / 1074 FT8 / 135 FT4
2025/12/28 17:55:33 PSKReporter: 24,952 TOTAL / 55 CW / 0 RTTY / 24,248 FT8 / 647 FT4 / 1 MSK144
2025/12/28 17:55:33 Corrected calls: 203 (C) / 0 (U) / 659 (F) / 0 (H)
2025/12/28 17:55:33 Secondary dedup: 1,020,920 in / 464,421 dup / 556,499 fwd
2025/12/28 17:55:33 Telnet: 2 clients. Drops: 0 (Q) / 0 (C)
2025/12/28 17:55:33 
2025/12/28 17:55:40 Call corrected: UD3FU -> D3FU at 3521.0 kHz (3 / 75%)
2025/12/28 17:55:42 Call corrected: UD3FU -> D3FU at 3521.0 kHz (4 / 80%)
2025/12/28 17:55:44 Call corrected: K4HYD -> K4VOZ at 14049.0 kHz (6 / 50%)
2025/12/28 17:55:44 Call corrected: W6K -> W6YPY at 14080.0 kHz (3 / 75%)
2025/12/28 17:56:03 Call corrected: K4HYD -> K4VOZ at 14049.1 kHz (5 / 45%)
2025/12/28 17:56:12 RBN drop: CTY miss for DX C7LIX5DCW75 (line=DX de K1RA-#:    21074.0  C7LIX5DCW75    FT8  -15 dB          CQ      2256Z)
2025/12/28 17:56:33 Uptime: 00:34   Memory MB: 251.6 / 121.1 / 0.8 (0.2%) / 0.1 / 1.4 (99.7%) / 1.2 (45.9%)
2025/12/28 17:56:33 Grid database: 261,345 TOTAL / 88%
2025/12/28 17:56:33 CTY: age 34m
2025/12/28 17:56:33 FCC ULS: 842,186 records. Last updated 12-22-2025 19:18:47
2025/12/28 17:56:33 RBN: 1403 TOTAL / 214 CW / 0 RTTY / 1069 FT8 / 120 FT4
2025/12/28 17:56:33 PSKReporter: 21,410 TOTAL / 35 CW / 0 RTTY / 20,920 FT8 / 455 FT4 / 0 MSK144
2025/12/28 17:56:33 Corrected calls: 208 (C) / 0 (U) / 678 (F) / 0 (H)
2025/12/28 17:56:33 Secondary dedup: 1,043,735 in / 474,495 dup / 569,240 fwd
2025/12/28 17:56:33 Telnet: 2 clients. Drops: 0 (Q) / 0 (C)
2025/12/28 17:56:33 
2025/12/28 17:57:01 Call corrected: UD3F -> D3FU at 3519.0 kHz (4 / 66%)
2025/12/28 17:57:01 PSKReporter drop: CTY miss for DE 161OS344-# freq=5358.2 mode=FT8 (total=1850)
2025/12/28 17:57:03 Call corrected: UD3FU -> D3FU at 3519.0 kHz (5 / 71%)
2025/12/28 17:57:28 Call corrected: M7OLW -> JM7OLW at 28019.2 kHz (21 / 95%)
2025/12/28 17:57:32 Call corrected: GA3GPX -> PA3GPX at 7002.2 kHz (15 / 93%)
2025/12/28 17:57:33 Uptime: 00:35   Memory MB: 253.2 / 121.1 / 0.9 (0.2%) / 0.1 / 1.4 (99.8%) / 1.2 (45.4%)
2025/12/28 17:57:33 Grid database: 261,348 TOTAL / 88%
2025/12/28 17:57:33 CTY: age 35m
2025/12/28 17:57:33 FCC ULS: 842,186 records. Last updated 12-22-2025 19:18:47
2025/12/28 17:57:33 RBN: 1422 TOTAL / 208 CW / 0 RTTY / 1119 FT8 / 95 FT4
2025/12/28 17:57:33 PSKReporter: 31,325 TOTAL / 38 CW / 1 RTTY / 30,496 FT8 / 790 FT4 / 0 MSK144
2025/12/28 17:57:33 Corrected calls: 212 (C) / 0 (U) / 697 (F) / 0 (H)
2025/12/28 17:57:33 Secondary dedup: 1,076,486 in / 488,851 dup / 587,635 fwd
2025/12/28 17:57:33 Telnet: 2 clients. Drops: 0 (Q) / 0 (C)
2025/12/28 17:57:33 
2025/12/28 17:58:33 Uptime: 00:36   Memory MB: 230.3 / 121.1 / 0.9 (0.2%) / 0.1 / 1.4 (99.8%) / 1.2 (44.8%)
2025/12/28 17:58:33 Grid database: 261,354 TOTAL / 88%
2025/12/28 17:58:33 CTY: age 36m
2025/12/28 17:58:33 FCC ULS: 842,186 records. Last updated 12-22-2025 19:18:47
2025/12/28 17:58:33 RBN: 1471 TOTAL / 167 CW / 0 RTTY / 1247 FT8 / 57 FT4
2025/12/28 17:58:33 PSKReporter: 27,711 TOTAL / 35 CW / 0 RTTY / 27,132 FT8 / 543 FT4 / 1 MSK144
2025/12/28 17:58:33 Corrected calls: 212 (C) / 0 (U) / 717 (F) / 0 (H)
2025/12/28 17:58:33 Secondary dedup: 1,105,674 in / 502,686 dup / 602,988 fwd
2025/12/28 17:58:33 Telnet: 2 clients. Drops: 0 (Q) / 0 (C)
2025/12/28 17:58:33 
2025/12/28 17:58:48 Call corrected: K4HYD -> K4VOZ at 14049.0 kHz (3 / 75%)
2025/12/28 17:59:00 PSKReporter drop: CTY miss for DE 13RF029-# freq=14074.6 mode=FT8 (total=1902)
2025/12/28 17:59:24 Call corrected: K4HYD -> K4VOZ at 14049.0 kHz (4 / 80%)
2025/12/28 17:59:26 Call corrected: K4HYD -> K4VOZ at 14049.0 kHz (5 / 83%)
2025/12/28 17:59:27 Call corrected: K4HYD -> K4VOZ at 14049.0 kHz (6 / 85%)
2025/12/28 17:59:27 Call corrected: K4HYD -> K4VOZ at 14049.0 kHz (7 / 87%)
2025/12/28 17:59:28 Call corrected: K4HYD -> K4VOZ at 14049.0 kHz (8 / 88%)
2025/12/28 17:59:32 Call corrected: K4HYD -> K4VOZ at 14049.0 kHz (9 / 90%)
2025/12/28 17:59:32 Call corrected: K4HYD -> K4VOZ at 14049.0 kHz (10 / 90%)
2025/12/28 17:59:33 Call corrected: K4HYD -> K4VOZ at 14049.0 kHz (11 / 91%)
2025/12/28 17:59:33 Call corrected: K4HYD -> K4VOZ at 14049.0 kHz (12 / 92%)
2025/12/28 17:59:33 Call corrected: K4HYD -> K4VOZ at 14049.0 kHz (13 / 92%)
2025/12/28 17:59:33 Call corrected: K4HYD -> K4VOZ at 14049.0 kHz (14 / 93%)
2025/12/28 17:59:33 Uptime: 00:37   Memory MB: 204.9 / 121.1 / 1.0 (0.2%) / 0.1 / 1.4 (99.8%) / 1.2 (44.3%)
2025/12/28 17:59:33 Grid database: 261,356 TOTAL / 88%
2025/12/28 17:59:33 CTY: age 37m
2025/12/28 17:59:33 FCC ULS: 842,186 records. Last updated 12-22-2025 19:18:47
2025/12/28 17:59:33 RBN: 1359 TOTAL / 183 CW / 0 RTTY / 1083 FT8 / 93 FT4
2025/12/28 17:59:33 PSKReporter: 27,225 TOTAL / 16 CW / 0 RTTY / 26,489 FT8 / 719 FT4 / 0 MSK144
2025/12/28 17:59:33 Corrected calls: 224 (C) / 0 (U) / 728 (F) / 0 (H)
2025/12/28 17:59:33 Secondary dedup: 1,134,266 in / 516,266 dup / 618,000 fwd
2025/12/28 17:59:33 Telnet: 2 clients. Drops: 0 (Q) / 0 (C)
2025/12/28 17:59:33 
2025/12/28 17:59:42 Call corrected: CI1ZQ -> CT1ZQ at 7010.0 kHz (48 / 82%)
2025/12/28 17:59:43 Call corrected: K4HYD -> K4VOZ at 14049.0 kHz (15 / 93%)
2025/12/28 17:59:44 Call corrected: K4HYD -> K4VOZ at 14049.1 kHz (16 / 94%)
2025/12/28 17:59:45 Call corrected: K4HYD -> K4VOZ at 14049.0 kHz (17 / 94%)
2025/12/28 17:59:47 Call corrected: K4HYD -> K4VOZ at 14049.0 kHz (18 / 94%)
2025/12/28 17:59:48 Call corrected: K4HYD -> K4VOZ at 14049.0 kHz (19 / 95%)
2025/12/28 17:59:49 PSKReporter drop: CTY miss for DE 161OS344-# freq=5357.9 mode=FT8 (total=1907)
2025/12/28 18:00:16 Call corrected: K4HYD -> K4VOZ at 14049.0 kHz (19 / 95%)
2025/12/28 18:00:16 Call corrected: UD3F -> D3FU at 3519.0 kHz (5 / 71%)
2025/12/28 18:00:26 PSKReporter drop: CTY miss for DE ZE185-# freq=5357.5 mode=FT8 (total=2001)
2025/12/28 18:00:33 Uptime: 00:38   Memory MB: 368.9 / 121.1 / 0.9 (0.2%) / 0.1 / 1.4 (99.8%) / 1.2 (44.4%)
2025/12/28 18:00:33 Grid database: 261,365 TOTAL / 88%
2025/12/28 18:00:33 CTY: age 38m
2025/12/28 18:00:33 FCC ULS: 842,186 records. Last updated 12-22-2025 19:18:47
2025/12/28 18:00:33 RBN: 1455 TOTAL / 182 CW / 0 RTTY / 1155 FT8 / 118 FT4
2025/12/28 18:00:33 PSKReporter: 27,471 TOTAL / 31 CW / 0 RTTY / 26,752 FT8 / 688 FT4 / 0 MSK144
2025/12/28 18:00:33 Corrected calls: 232 (C) / 0 (U) / 740 (F) / 0 (H)
2025/12/28 18:00:33 Secondary dedup: 1,163,196 in / 529,281 dup / 633,915 fwd
2025/12/28 18:00:33 Telnet: 2 clients. Drops: 0 (Q) / 0 (C)
2025/12/28 18:00:33 
2025/12/28 18:01:00 Call corrected: DM4T -> D3FU at 3518.7 kHz (6 / 60%)
2025/12/28 18:01:02 Call corrected: DM4T -> D3FU at 3518.8 kHz (7 / 63%)
2025/12/28 18:01:03 Call corrected: N1MD -> N1MX at 7006.0 kHz (43 / 93%)
2025/12/28 18:01:19 Call corrected: HA5EWI -> HA5JI at 7014.7 kHz (9 / 90%)
2025/12/28 18:01:22 PSKReporter drop: CTY miss for DE 201DA155-# freq=28074.7 mode=FT8 (total=2086)
2025/12/28 18:01:25 Call corrected: DM4T -> D3FU at 3518.8 kHz (8 / 61%)
2025/12/28 18:01:33 Uptime: 00:39   Memory MB: 358.5 / 121.1 / 1.0 (0.2%) / 0.1 / 1.5 (99.8%) / 1.2 (44.7%)
2025/12/28 18:01:33 Grid database: 261,367 TOTAL / 88%
2025/12/28 18:01:33 CTY: age 39m
2025/12/28 18:01:33 FCC ULS: 842,186 records. Last updated 12-22-2025 19:18:47
2025/12/28 18:01:33 RBN: 1451 TOTAL / 156 CW / 0 RTTY / 1197 FT8 / 98 FT4
2025/12/28 18:01:33 PSKReporter: 29,329 TOTAL / 58 CW / 0 RTTY / 28,548 FT8 / 723 FT4 / 0 MSK144
2025/12/28 18:01:33 Corrected calls: 237 (C) / 0 (U) / 754 (F) / 0 (H)
2025/12/28 18:01:33 Secondary dedup: 1,193,981 in / 543,140 dup / 650,841 fwd
2025/12/28 18:01:33 Telnet: 2 clients. Drops: 0 (Q) / 0 (C)
2025/12/28 18:01:33 
2025/12/28 18:02:00 Call corrected: YV5IU -> YV5IUA at 14030.1 kHz (31 / 96%)
2025/12/28 18:02:03 Call corrected: N1MXT -> N1MX at 7006.0 kHz (65 / 95%)
2025/12/28 18:02:09 PSKReporter drop: CTY miss for DE 201DA155-# freq=28074.5 mode=FT8 (total=2087)
2025/12/28 18:02:16 Call corrected: K4FJ -> K4FJU at 14033.1 kHz (17 / 89%)
2025/12/28 18:02:19 Call corrected: K4HYD -> K4VOZ at 14049.0 kHz (17 / 56%)
2025/12/28 18:02:20 Call corrected: K4FJ -> K4FJU at 14033.1 kHz (19 / 90%)
2025/12/28 18:02:21 Call corrected: K4FJ -> K4FJU at 14033.1 kHz (20 / 90%)
2025/12/28 18:02:29 Call corrected: CT1ZQ/1 -> CT1ZQ at 7010.0 kHz (52 / 86%)
2025/12/28 18:02:30 Call corrected: DL8U -> DL8UIL at 3516.0 kHz (8 / 88%)
2025/12/28 18:02:32 Call corrected: KW4EI -> KP4ES at 14022.0 kHz (22 / 95%)
2025/12/28 18:02:33 Uptime: 00:40   Memory MB: 293.9 / 121.1 / 0.7 (0.2%) / 0.1 / 1.5 (99.8%) / 1.2 (44.3%)
2025/12/28 18:02:33 Grid database: 261,371 TOTAL / 88%
2025/12/28 18:02:33 CTY: age 40m
2025/12/28 18:02:33 FCC ULS: 842,186 records. Last updated 12-22-2025 19:18:47
2025/12/28 18:02:33 RBN: 1512 TOTAL / 286 CW / 0 RTTY / 1066 FT8 / 160 FT4
2025/12/28 18:02:33 PSKReporter: 17,167 TOTAL / 39 CW / 0 RTTY / 16,648 FT8 / 480 FT4 / 0 MSK144
2025/12/28 18:02:33 Corrected calls: 246 (C) / 0 (U) / 803 (F) / 0 (H)
2025/12/28 18:02:33 Secondary dedup: 1,212,665 in / 551,058 dup / 661,607 fwd
2025/12/28 18:02:33 Telnet: 2 clients. Drops: 0 (Q) / 0 (C)
2025/12/28 18:02:33 
2025/12/28 18:02:43 Call corrected: K1QHB -> IK1QHB at 7004.0 kHz (42 / 93%)
2025/12/28 18:02:51 Call corrected: IK1QUB -> IK1QHB at 7004.0 kHz (51 / 94%)
2025/12/28 18:03:11 Call corrected: RN6LR -> RN6LRI at 7025.0 kHz (24 / 85%)
2025/12/28 18:03:33 Uptime: 00:41   Memory MB: 292.9 / 121.1 / 0.9 (0.2%) / 0.1 / 1.5 (99.8%) / 1.2 (44.4%)
2025/12/28 18:03:33 Grid database: 261,373 TOTAL / 88%
2025/12/28 18:03:33 CTY: age 41m
2025/12/28 18:03:33 FCC ULS: 842,186 records. Last updated 12-22-2025 19:18:47
2025/12/28 18:03:33 RBN: 1289 TOTAL / 108 CW / 0 RTTY / 1098 FT8 / 83 FT4
2025/12/28 18:03:33 PSKReporter: 32,689 TOTAL / 43 CW / 0 RTTY / 31,869 FT8 / 777 FT4 / 0 MSK144
2025/12/28 18:03:33 Corrected calls: 249 (C) / 0 (U) / 818 (F) / 0 (H)
2025/12/28 18:03:33 Secondary dedup: 1,246,649 in / 566,899 dup / 679,750 fwd
2025/12/28 18:03:33 Telnet: 2 clients. Drops: 0 (Q) / 0 (C)
2025/12/28 18:03:33 
2025/12/28 18:03:35 PSKReporter drop: CTY miss for DE 201DA155-# freq=28074.6 mode=FT8 (total=2088)
2025/12/28 18:04:13 PSKReporter drop: CTY miss for DE 13RF7373-# freq=7075.3 mode=FT8 (total=2091)
2025/12/28 18:04:19 Call corrected: WW5RT -> PP5RT at 28021.9 kHz (27 / 96%)
2025/12/28 18:04:33 Uptime: 00:42   Memory MB: 272.7 / 121.1 / 0.9 (0.2%) / 0.1 / 1.5 (99.8%) / 1.2 (44.7%)
2025/12/28 18:04:33 Grid database: 261,380 TOTAL / 88%
2025/12/28 18:04:33 CTY: age 42m
2025/12/28 18:04:33 FCC ULS: 842,186 records. Last updated 12-22-2025 19:18:47
2025/12/28 18:04:33 RBN: 1385 TOTAL / 184 CW / 5 RTTY / 1092 FT8 / 104 FT4
2025/12/28 18:04:33 PSKReporter: 28,457 TOTAL / 10 CW / 0 RTTY / 27,410 FT8 / 1,037 FT4 / 0 MSK144
2025/12/28 18:04:33 Corrected calls: 250 (C) / 0 (U) / 838 (F) / 0 (H)
2025/12/28 18:04:33 Secondary dedup: 1,276,496 in / 580,769 dup / 695,727 fwd
2025/12/28 18:04:33 Telnet: 2 clients. Drops: 0 (Q) / 0 (C)
2025/12/28 18:04:33 
2025/12/28 18:04:40 RBN drop: CTY miss for DX VM8QUU (line=DX de W2NNN-#:    7074.0  VM8QUU         FT8  -14 dB          CQ      2304Z)
2025/12/28 18:04:47 Call corrected: CT1UIQ -> CT1ZQ at 7010.0 kHz (37 / 84%)
2025/12/28 18:05:00 Call corrected: HA5J -> HA5JI at 7014.8 kHz (109 / 98%)
2025/12/28 18:05:28 PSKReporter drop: CTY miss for DE ZE185-# freq=5357.8 mode=FT8 (total=2185)
2025/12/28 18:05:33 Uptime: 00:43   Memory MB: 223.1 / 121.1 / 0.8 (0.2%) / 0.1 / 1.5 (99.8%) / 1.2 (44.8%)
2025/12/28 18:05:33 Grid database: 261,381 TOTAL / 88%
2025/12/28 18:05:33 CTY: age 43m
2025/12/28 18:05:33 FCC ULS: 842,186 records. Last updated 12-22-2025 19:18:47
2025/12/28 18:05:33 RBN: 1406 TOTAL / 114 CW / 1 RTTY / 1151 FT8 / 140 FT4
2025/12/28 18:05:33 PSKReporter: 22,954 TOTAL / 33 CW / 0 RTTY / 22,353 FT8 / 568 FT4 / 0 MSK144
2025/12/28 18:05:33 Corrected calls: 252 (C) / 0 (U) / 844 (F) / 0 (H)
2025/12/28 18:05:33 Secondary dedup: 1,300,858 in / 591,940 dup / 708,918 fwd
2025/12/28 18:05:33 Telnet: 2 clients. Drops: 0 (Q) / 0 (C)
2025/12/28 18:05:33 
2025/12/28 18:05:53 RBN drop: CTY miss for DX 77G036J6G/1 (line=DX de YO2KAR-#:  24915.0  77G036J6G/1    FT8  -25 dB          CQ      2305Z)
2025/12/28 18:05:55 Call corrected: TA5UA -> CX5UA at 14026.0 kHz (3 / 75%)
2025/12/28 18:06:15 Call corrected: DK5JPR -> DK5JPL at 3545.0 kHz (21 / 95%)
2025/12/28 18:06:33 Uptime: 00:44   Memory MB: 206.5 / 121.1 / 0.9 (0.2%) / 0.1 / 1.5 (99.8%) / 1.2 (44.9%)
2025/12/28 18:06:33 Grid database: 261,388 TOTAL / 88%
2025/12/28 18:06:33 CTY: age 44m
2025/12/28 18:06:33 FCC ULS: 842,186 records. Last updated 12-22-2025 19:18:47
2025/12/28 18:06:33 RBN: 1291 TOTAL / 157 CW / 0 RTTY / 1039 FT8 / 95 FT4
2025/12/28 18:06:33 PSKReporter: 28,709 TOTAL / 22 CW / 0 RTTY / 28,069 FT8 / 618 FT4 / 0 MSK144
2025/12/28 18:06:33 Corrected calls: 254 (C) / 0 (U) / 855 (F) / 0 (H)
2025/12/28 18:06:33 Secondary dedup: 1,330,860 in / 605,918 dup / 724,942 fwd
2025/12/28 18:06:33 Telnet: 2 clients. Drops: 0 (Q) / 0 (C)
2025/12/28 18:06:33 
2025/12/28 18:06:41 Call corrected: RN6LR -> RN6LRI at 7038.0 kHz (6 / 100%)
2025/12/28 18:07:06 Call corrected: K4FJ -> K4FJU at 14033.1 kHz (5 / 83%)
2025/12/28 18:07:23 Received signal: terminated
2025/12/28 18:07:23 Shutting down gracefully...
2025/12/28 18:07:23 Deduplicator: Stopping...
2025/12/28 18:07:23 Deduplicator: Cleanup loop stopped
2025/12/28 18:07:23 Deduplicator: Process loop stopped
2025/12/28 18:07:23 Stopping RBN-CW-RTTY client...
2025/12/28 18:07:23 Stopping RBN-FT4-FT8 client...
2025/12/28 18:07:23 Stopping PSKReporter client...
2025/12/28 18:07:23 PSKReporter client stopped
2025/12/28 18:07:23 Stopping telnet server...
2025/12/28 18:07:23 Client K3TO disconnected: read tcp [::1]:9300->[::1]:60926: use of closed network connection
2025/12/28 18:07:23 Client LZ1BB disconnected: read tcp 127.0.0.1:9300->127.0.0.1:60931: use of closed network connection
2025/12/28 18:07:23 Cluster stopped
2025/12/28 18:07:23 Saved user record for K3TO
2025/12/28 18:07:23 Unregistered client: K3TO (total: 1)
2025/12/28 18:07:23 Saved user record for LZ1BB
2025/12/28 18:07:23 Unregistered client: LZ1BB (total: 0)
